{"total": {"lines":{"total":427,"covered":415,"skipped":0,"pct":97.18},"statements":{"total":499,"covered":478,"skipped":0,"pct":95.79},"functions":{"total":91,"covered":87,"skipped":0,"pct":95.6},"branches":{"total":283,"covered":261,"skipped":0,"pct":92.22},"branchesTrue":{"total":0,"covered":0,"skipped":0,"pct":100}}
,"C:\\Users\\paz37\\OneDrive\\Desktop\\ISW2\\ProyectoISW2\\Proyecto_ISW2\\context\\CartContext.jsx": {"lines":{"total":105,"covered":103,"skipped":0,"pct":98.09},"functions":{"total":33,"covered":29,"skipped":0,"pct":87.87},"statements":{"total":125,"covered":119,"skipped":0,"pct":95.2},"branches":{"total":57,"covered":50,"skipped":0,"pct":87.71}}
,"C:\\Users\\paz37\\OneDrive\\Desktop\\ISW2\\ProyectoISW2\\Proyecto_ISW2\\context\\CatalogoContext.jsx": {"lines":{"total":34,"covered":34,"skipped":0,"pct":100},"functions":{"total":8,"covered":8,"skipped":0,"pct":100},"statements":{"total":40,"covered":40,"skipped":0,"pct":100},"branches":{"total":22,"covered":19,"skipped":0,"pct":86.36}}
,"C:\\Users\\paz37\\OneDrive\\Desktop\\ISW2\\ProyectoISW2\\Proyecto_ISW2\\lib\\admin-auth.js": {"lines":{"total":48,"covered":47,"skipped":0,"pct":97.91},"functions":{"total":12,"covered":12,"skipped":0,"pct":100},"statements":{"total":56,"covered":53,"skipped":0,"pct":94.64},"branches":{"total":28,"covered":26,"skipped":0,"pct":92.85}}
,"C:\\Users\\paz37\\OneDrive\\Desktop\\ISW2\\ProyectoISW2\\Proyecto_ISW2\\lib\\categorias.js": {"lines":{"total":6,"covered":6,"skipped":0,"pct":100},"functions":{"total":5,"covered":5,"skipped":0,"pct":100},"statements":{"total":8,"covered":8,"skipped":0,"pct":100},"branches":{"total":0,"covered":0,"skipped":0,"pct":100}}
,"C:\\Users\\paz37\\OneDrive\\Desktop\\ISW2\\ProyectoISW2\\Proyecto_ISW2\\lib\\negocio.js": {"lines":{"total":4,"covered":4,"skipped":0,"pct":100},"functions":{"total":1,"covered":1,"skipped":0,"pct":100},"statements":{"total":4,"covered":4,"skipped":0,"pct":100},"branches":{"total":2,"covered":2,"skipped":0,"pct":100}}
,"C:\\Users\\paz37\\OneDrive\\Desktop\\ISW2\\ProyectoISW2\\Proyecto_ISW2\\lib\\use-escape.js": {"lines":{"total":5,"covered":5,"skipped":0,"pct":100},"functions":{"total":4,"covered":4,"skipped":0,"pct":100},"statements":{"total":8,"covered":8,"skipped":0,"pct":100},"branches":{"total":4,"covered":4,"skipped":0,"pct":100}}
,"C:\\Users\\paz37\\OneDrive\\Desktop\\ISW2\\ProyectoISW2\\Proyecto_ISW2\\lib\\use-revelar.js": {"lines":{"total":17,"covered":17,"skipped":0,"pct":100},"functions":{"total":5,"covered":5,"skipped":0,"pct":100},"statements":{"total":22,"covered":22,"skipped":0,"pct":100},"branches":{"total":8,"covered":8,"skipped":0,"pct":100}}
,"C:\\Users\\paz37\\OneDrive\\Desktop\\ISW2\\ProyectoISW2\\Proyecto_ISW2\\lib\\validar-producto.js": {"lines":{"total":47,"covered":46,"skipped":0,"pct":97.87},"functions":{"total":7,"covered":7,"skipped":0,"pct":100},"statements":{"total":54,"covered":53,"skipped":0,"pct":98.14},"branches":{"total":49,"covered":46,"skipped":0,"pct":93.87}}
,"C:\\Users\\paz37\\OneDrive\\Desktop\\ISW2\\ProyectoISW2\\Proyecto_ISW2\\pages\\api\\categories.js": {"lines":{"total":10,"covered":10,"skipped":0,"pct":100},"functions":{"total":1,"covered":1,"skipped":0,"pct":100},"statements":{"total":11,"covered":11,"skipped":0,"pct":100},"branches":{"total":4,"covered":4,"skipped":0,"pct":100}}
,"C:\\Users\\paz37\\OneDrive\\Desktop\\ISW2\\ProyectoISW2\\Proyecto_ISW2\\pages\\api\\health.js": {"lines":{"total":17,"covered":17,"skipped":0,"pct":100},"functions":{"total":1,"covered":1,"skipped":0,"pct":100},"statements":{"total":18,"covered":18,"skipped":0,"pct":100},"branches":{"total":10,"covered":9,"skipped":0,"pct":90}}
,"C:\\Users\\paz37\\OneDrive\\Desktop\\ISW2\\ProyectoISW2\\Proyecto_ISW2\\pages\\api\\orders.js": {"lines":{"total":31,"covered":31,"skipped":0,"pct":100},"functions":{"total":2,"covered":2,"skipped":0,"pct":100},"statements":{"total":33,"covered":33,"skipped":0,"pct":100},"branches":{"total":35,"covered":34,"skipped":0,"pct":97.14}}
,"C:\\Users\\paz37\\OneDrive\\Desktop\\ISW2\\ProyectoISW2\\Proyecto_ISW2\\pages\\api\\products.js": {"lines":{"total":10,"covered":10,"skipped":0,"pct":100},"functions":{"total":1,"covered":1,"skipped":0,"pct":100},"statements":{"total":11,"covered":11,"skipped":0,"pct":100},"branches":{"total":4,"covered":4,"skipped":0,"pct":100}}
,"C:\\Users\\paz37\\OneDrive\\Desktop\\ISW2\\ProyectoISW2\\Proyecto_ISW2\\pages\\api\\admin\\login.js": {"lines":{"total":13,"covered":13,"skipped":0,"pct":100},"functions":{"total":2,"covered":2,"skipped":0,"pct":100},"statements":{"total":14,"covered":14,"skipped":0,"pct":100},"branches":{"total":8,"covered":8,"skipped":0,"pct":100}}
,"C:\\Users\\paz37\\OneDrive\\Desktop\\ISW2\\ProyectoISW2\\Proyecto_ISW2\\pages\\api\\admin\\logout.js": {"lines":{"total":5,"covered":5,"skipped":0,"pct":100},"functions":{"total":1,"covered":1,"skipped":0,"pct":100},"statements":{"total":5,"covered":5,"skipped":0,"pct":100},"branches":{"total":2,"covered":2,"skipped":0,"pct":100}}
,"C:\\Users\\paz37\\OneDrive\\Desktop\\ISW2\\ProyectoISW2\\Proyecto_ISW2\\pages\\api\\admin\\orders\\[id].js": {"lines":{"total":17,"covered":15,"skipped":0,"pct":88.23},"functions":{"total":1,"covered":1,"skipped":0,"pct":100},"statements":{"total":19,"covered":16,"skipped":0,"pct":84.21},"branches":{"total":14,"covered":12,"skipped":0,"pct":85.71}}
,"C:\\Users\\paz37\\OneDrive\\Desktop\\ISW2\\ProyectoISW2\\Proyecto_ISW2\\pages\\api\\admin\\orders\\index.js": {"lines":{"total":10,"covered":10,"skipped":0,"pct":100},"functions":{"total":1,"covered":1,"skipped":0,"pct":100},"statements":{"total":11,"covered":11,"skipped":0,"pct":100},"branches":{"total":4,"covered":4,"skipped":0,"pct":100}}
,"C:\\Users\\paz37\\OneDrive\\Desktop\\ISW2\\ProyectoISW2\\Proyecto_ISW2\\pages\\api\\admin\\products\\[id].js": {"lines":{"total":26,"covered":22,"skipped":0,"pct":84.61},"functions":{"total":3,"covered":3,"skipped":0,"pct":100},"statements":{"total":33,"covered":28,"skipped":0,"pct":84.84},"branches":{"total":20,"covered":18,"skipped":0,"pct":90}}
,"C:\\Users\\paz37\\OneDrive\\Desktop\\ISW2\\ProyectoISW2\\Proyecto_ISW2\\pages\\api\\admin\\products\\index.js": {"lines":{"total":22,"covered":20,"skipped":0,"pct":90.9},"functions":{"total":3,"covered":3,"skipped":0,"pct":100},"statements":{"total":27,"covered":24,"skipped":0,"pct":88.88},"branches":{"total":12,"covered":11,"skipped":0,"pct":91.66}}
}
