{"total": {"lines":{"total":1069,"covered":1015,"skipped":0,"pct":94.94},"statements":{"total":1244,"covered":1165,"skipped":0,"pct":93.64},"functions":{"total":217,"covered":206,"skipped":0,"pct":94.93},"branches":{"total":787,"covered":707,"skipped":0,"pct":89.83},"branchesTrue":{"total":0,"covered":0,"skipped":0,"pct":100}}
,"C:\\Users\\paz37\\OneDrive\\Desktop\\ISW2\\ProyectoISW2\\Proyecto_ISW2\\context\\CartContext.jsx": {"lines":{"total":105,"covered":103,"skipped":0,"pct":98.09},"functions":{"total":33,"covered":29,"skipped":0,"pct":87.87},"statements":{"total":125,"covered":119,"skipped":0,"pct":95.2},"branches":{"total":57,"covered":50,"skipped":0,"pct":87.71}}
,"C:\\Users\\paz37\\OneDrive\\Desktop\\ISW2\\ProyectoISW2\\Proyecto_ISW2\\context\\CatalogoContext.jsx": {"lines":{"total":34,"covered":34,"skipped":0,"pct":100},"functions":{"total":8,"covered":8,"skipped":0,"pct":100},"statements":{"total":40,"covered":40,"skipped":0,"pct":100},"branches":{"total":22,"covered":19,"skipped":0,"pct":86.36}}
,"C:\\Users\\paz37\\OneDrive\\Desktop\\ISW2\\ProyectoISW2\\Proyecto_ISW2\\lib\\admin-auth.js": {"lines":{"total":48,"covered":47,"skipped":0,"pct":97.91},"functions":{"total":12,"covered":12,"skipped":0,"pct":100},"statements":{"total":56,"covered":53,"skipped":0,"pct":94.64},"branches":{"total":28,"covered":26,"skipped":0,"pct":92.85}}
,"C:\\Users\\paz37\\OneDrive\\Desktop\\ISW2\\ProyectoISW2\\Proyecto_ISW2\\lib\\cache.js": {"lines":{"total":23,"covered":23,"skipped":0,"pct":100},"functions":{"total":5,"covered":5,"skipped":0,"pct":100},"statements":{"total":26,"covered":26,"skipped":0,"pct":100},"branches":{"total":8,"covered":8,"skipped":0,"pct":100}}
,"C:\\Users\\paz37\\OneDrive\\Desktop\\ISW2\\ProyectoISW2\\Proyecto_ISW2\\lib\\capturar-errores.js": {"lines":{"total":18,"covered":18,"skipped":0,"pct":100},"functions":{"total":7,"covered":7,"skipped":0,"pct":100},"statements":{"total":21,"covered":21,"skipped":0,"pct":100},"branches":{"total":18,"covered":17,"skipped":0,"pct":94.44}}
,"C:\\Users\\paz37\\OneDrive\\Desktop\\ISW2\\ProyectoISW2\\Proyecto_ISW2\\lib\\categorias.js": {"lines":{"total":6,"covered":6,"skipped":0,"pct":100},"functions":{"total":5,"covered":5,"skipped":0,"pct":100},"statements":{"total":8,"covered":8,"skipped":0,"pct":100},"branches":{"total":0,"covered":0,"skipped":0,"pct":100}}
,"C:\\Users\\paz37\\OneDrive\\Desktop\\ISW2\\ProyectoISW2\\Proyecto_ISW2\\lib\\errores.js": {"lines":{"total":40,"covered":40,"skipped":0,"pct":100},"functions":{"total":12,"covered":12,"skipped":0,"pct":100},"statements":{"total":47,"covered":46,"skipped":0,"pct":97.87},"branches":{"total":41,"covered":36,"skipped":0,"pct":87.8}}
,"C:\\Users\\paz37\\OneDrive\\Desktop\\ISW2\\ProyectoISW2\\Proyecto_ISW2\\lib\\imagen.js": {"lines":{"total":14,"covered":14,"skipped":0,"pct":100},"functions":{"total":10,"covered":10,"skipped":0,"pct":100},"statements":{"total":19,"covered":19,"skipped":0,"pct":100},"branches":{"total":9,"covered":9,"skipped":0,"pct":100}}
,"C:\\Users\\paz37\\OneDrive\\Desktop\\ISW2\\ProyectoISW2\\Proyecto_ISW2\\lib\\limite.js": {"lines":{"total":17,"covered":17,"skipped":0,"pct":100},"functions":{"total":5,"covered":5,"skipped":0,"pct":100},"statements":{"total":20,"covered":20,"skipped":0,"pct":100},"branches":{"total":15,"covered":14,"skipped":0,"pct":93.33}}
,"C:\\Users\\paz37\\OneDrive\\Desktop\\ISW2\\ProyectoISW2\\Proyecto_ISW2\\lib\\negocio.js": {"lines":{"total":4,"covered":4,"skipped":0,"pct":100},"functions":{"total":1,"covered":1,"skipped":0,"pct":100},"statements":{"total":4,"covered":4,"skipped":0,"pct":100},"branches":{"total":2,"covered":2,"skipped":0,"pct":100}}
,"C:\\Users\\paz37\\OneDrive\\Desktop\\ISW2\\ProyectoISW2\\Proyecto_ISW2\\lib\\push-navegador.js": {"lines":{"total":34,"covered":34,"skipped":0,"pct":100},"functions":{"total":9,"covered":7,"skipped":0,"pct":77.77},"statements":{"total":39,"covered":38,"skipped":0,"pct":97.43},"branches":{"total":41,"covered":32,"skipped":0,"pct":78.04}}
,"C:\\Users\\paz37\\OneDrive\\Desktop\\ISW2\\ProyectoISW2\\Proyecto_ISW2\\lib\\push.js": {"lines":{"total":45,"covered":45,"skipped":0,"pct":100},"functions":{"total":10,"covered":9,"skipped":0,"pct":90},"statements":{"total":53,"covered":50,"skipped":0,"pct":94.33},"branches":{"total":28,"covered":24,"skipped":0,"pct":85.71}}
,"C:\\Users\\paz37\\OneDrive\\Desktop\\ISW2\\ProyectoISW2\\Proyecto_ISW2\\lib\\respuesta-cacheable.js": {"lines":{"total":19,"covered":19,"skipped":0,"pct":100},"functions":{"total":6,"covered":6,"skipped":0,"pct":100},"statements":{"total":24,"covered":24,"skipped":0,"pct":100},"branches":{"total":6,"covered":6,"skipped":0,"pct":100}}
,"C:\\Users\\paz37\\OneDrive\\Desktop\\ISW2\\ProyectoISW2\\Proyecto_ISW2\\lib\\roles.js": {"lines":{"total":8,"covered":8,"skipped":0,"pct":100},"functions":{"total":2,"covered":2,"skipped":0,"pct":100},"statements":{"total":10,"covered":10,"skipped":0,"pct":100},"branches":{"total":4,"covered":4,"skipped":0,"pct":100}}
,"C:\\Users\\paz37\\OneDrive\\Desktop\\ISW2\\ProyectoISW2\\Proyecto_ISW2\\lib\\sesion.js": {"lines":{"total":59,"covered":58,"skipped":0,"pct":98.3},"functions":{"total":18,"covered":17,"skipped":0,"pct":94.44},"statements":{"total":70,"covered":68,"skipped":0,"pct":97.14},"branches":{"total":64,"covered":61,"skipped":0,"pct":95.31}}
,"C:\\Users\\paz37\\OneDrive\\Desktop\\ISW2\\ProyectoISW2\\Proyecto_ISW2\\lib\\supabase-navegador.js": {"lines":{"total":6,"covered":0,"skipped":0,"pct":0},"functions":{"total":1,"covered":0,"skipped":0,"pct":0},"statements":{"total":7,"covered":0,"skipped":0,"pct":0},"branches":{"total":4,"covered":0,"skipped":0,"pct":0}}
,"C:\\Users\\paz37\\OneDrive\\Desktop\\ISW2\\ProyectoISW2\\Proyecto_ISW2\\lib\\use-escape.js": {"lines":{"total":5,"covered":5,"skipped":0,"pct":100},"functions":{"total":4,"covered":4,"skipped":0,"pct":100},"statements":{"total":8,"covered":8,"skipped":0,"pct":100},"branches":{"total":4,"covered":4,"skipped":0,"pct":100}}
,"C:\\Users\\paz37\\OneDrive\\Desktop\\ISW2\\ProyectoISW2\\Proyecto_ISW2\\lib\\use-revelar.js": {"lines":{"total":17,"covered":17,"skipped":0,"pct":100},"functions":{"total":5,"covered":5,"skipped":0,"pct":100},"statements":{"total":22,"covered":22,"skipped":0,"pct":100},"branches":{"total":8,"covered":8,"skipped":0,"pct":100}}
,"C:\\Users\\paz37\\OneDrive\\Desktop\\ISW2\\ProyectoISW2\\Proyecto_ISW2\\lib\\use-sesion.js": {"lines":{"total":13,"covered":13,"skipped":0,"pct":100},"functions":{"total":5,"covered":5,"skipped":0,"pct":100},"statements":{"total":16,"covered":16,"skipped":0,"pct":100},"branches":{"total":6,"covered":4,"skipped":0,"pct":66.66}}
,"C:\\Users\\paz37\\OneDrive\\Desktop\\ISW2\\ProyectoISW2\\Proyecto_ISW2\\lib\\validar-producto.js": {"lines":{"total":47,"covered":46,"skipped":0,"pct":97.87},"functions":{"total":7,"covered":7,"skipped":0,"pct":100},"statements":{"total":54,"covered":53,"skipped":0,"pct":98.14},"branches":{"total":49,"covered":46,"skipped":0,"pct":93.87}}
,"C:\\Users\\paz37\\OneDrive\\Desktop\\ISW2\\ProyectoISW2\\Proyecto_ISW2\\pages\\api\\categories.js": {"lines":{"total":13,"covered":13,"skipped":0,"pct":100},"functions":{"total":2,"covered":2,"skipped":0,"pct":100},"statements":{"total":14,"covered":14,"skipped":0,"pct":100},"branches":{"total":4,"covered":4,"skipped":0,"pct":100}}
,"C:\\Users\\paz37\\OneDrive\\Desktop\\ISW2\\ProyectoISW2\\Proyecto_ISW2\\pages\\api\\errores.js": {"lines":{"total":28,"covered":28,"skipped":0,"pct":100},"functions":{"total":6,"covered":6,"skipped":0,"pct":100},"statements":{"total":33,"covered":33,"skipped":0,"pct":100},"branches":{"total":30,"covered":25,"skipped":0,"pct":83.33}}
,"C:\\Users\\paz37\\OneDrive\\Desktop\\ISW2\\ProyectoISW2\\Proyecto_ISW2\\pages\\api\\feedback.js": {"lines":{"total":30,"covered":30,"skipped":0,"pct":100},"functions":{"total":3,"covered":3,"skipped":0,"pct":100},"statements":{"total":33,"covered":33,"skipped":0,"pct":100},"branches":{"total":32,"covered":31,"skipped":0,"pct":96.87}}
,"C:\\Users\\paz37\\OneDrive\\Desktop\\ISW2\\ProyectoISW2\\Proyecto_ISW2\\pages\\api\\health.js": {"lines":{"total":17,"covered":17,"skipped":0,"pct":100},"functions":{"total":1,"covered":1,"skipped":0,"pct":100},"statements":{"total":18,"covered":18,"skipped":0,"pct":100},"branches":{"total":10,"covered":9,"skipped":0,"pct":90}}
,"C:\\Users\\paz37\\OneDrive\\Desktop\\ISW2\\ProyectoISW2\\Proyecto_ISW2\\pages\\api\\orders.js": {"lines":{"total":39,"covered":39,"skipped":0,"pct":100},"functions":{"total":4,"covered":4,"skipped":0,"pct":100},"statements":{"total":43,"covered":43,"skipped":0,"pct":100},"branches":{"total":39,"covered":38,"skipped":0,"pct":97.43}}
,"C:\\Users\\paz37\\OneDrive\\Desktop\\ISW2\\ProyectoISW2\\Proyecto_ISW2\\pages\\api\\products.js": {"lines":{"total":13,"covered":13,"skipped":0,"pct":100},"functions":{"total":2,"covered":2,"skipped":0,"pct":100},"statements":{"total":14,"covered":14,"skipped":0,"pct":100},"branches":{"total":4,"covered":4,"skipped":0,"pct":100}}
,"C:\\Users\\paz37\\OneDrive\\Desktop\\ISW2\\ProyectoISW2\\Proyecto_ISW2\\pages\\api\\admin\\login.js": {"lines":{"total":13,"covered":13,"skipped":0,"pct":100},"functions":{"total":2,"covered":2,"skipped":0,"pct":100},"statements":{"total":14,"covered":14,"skipped":0,"pct":100},"branches":{"total":8,"covered":8,"skipped":0,"pct":100}}
,"C:\\Users\\paz37\\OneDrive\\Desktop\\ISW2\\ProyectoISW2\\Proyecto_ISW2\\pages\\api\\admin\\logout.js": {"lines":{"total":10,"covered":10,"skipped":0,"pct":100},"functions":{"total":1,"covered":1,"skipped":0,"pct":100},"statements":{"total":10,"covered":10,"skipped":0,"pct":100},"branches":{"total":6,"covered":6,"skipped":0,"pct":100}}
,"C:\\Users\\paz37\\OneDrive\\Desktop\\ISW2\\ProyectoISW2\\Proyecto_ISW2\\pages\\api\\admin\\push.js": {"lines":{"total":36,"covered":33,"skipped":0,"pct":91.66},"functions":{"total":4,"covered":4,"skipped":0,"pct":100},"statements":{"total":44,"covered":39,"skipped":0,"pct":88.63},"branches":{"total":32,"covered":30,"skipped":0,"pct":93.75}}
,"C:\\Users\\paz37\\OneDrive\\Desktop\\ISW2\\ProyectoISW2\\Proyecto_ISW2\\pages\\api\\admin\\feedback\\[id].js": {"lines":{"total":19,"covered":13,"skipped":0,"pct":68.42},"functions":{"total":1,"covered":1,"skipped":0,"pct":100},"statements":{"total":21,"covered":14,"skipped":0,"pct":66.66},"branches":{"total":14,"covered":10,"skipped":0,"pct":71.42}}
,"C:\\Users\\paz37\\OneDrive\\Desktop\\ISW2\\ProyectoISW2\\Proyecto_ISW2\\pages\\api\\admin\\feedback\\index.js": {"lines":{"total":19,"covered":17,"skipped":0,"pct":89.47},"functions":{"total":1,"covered":1,"skipped":0,"pct":100},"statements":{"total":21,"covered":19,"skipped":0,"pct":90.47},"branches":{"total":12,"covered":11,"skipped":0,"pct":91.66}}
,"C:\\Users\\paz37\\OneDrive\\Desktop\\ISW2\\ProyectoISW2\\Proyecto_ISW2\\pages\\api\\admin\\orders\\[id].js": {"lines":{"total":18,"covered":15,"skipped":0,"pct":83.33},"functions":{"total":1,"covered":1,"skipped":0,"pct":100},"statements":{"total":20,"covered":16,"skipped":0,"pct":80},"branches":{"total":14,"covered":12,"skipped":0,"pct":85.71}}
,"C:\\Users\\paz37\\OneDrive\\Desktop\\ISW2\\ProyectoISW2\\Proyecto_ISW2\\pages\\api\\admin\\orders\\index.js": {"lines":{"total":11,"covered":11,"skipped":0,"pct":100},"functions":{"total":1,"covered":1,"skipped":0,"pct":100},"statements":{"total":12,"covered":12,"skipped":0,"pct":100},"branches":{"total":4,"covered":4,"skipped":0,"pct":100}}
,"C:\\Users\\paz37\\OneDrive\\Desktop\\ISW2\\ProyectoISW2\\Proyecto_ISW2\\pages\\api\\admin\\products\\[id].js": {"lines":{"total":30,"covered":24,"skipped":0,"pct":80},"functions":{"total":3,"covered":3,"skipped":0,"pct":100},"statements":{"total":37,"covered":30,"skipped":0,"pct":81.08},"branches":{"total":20,"covered":18,"skipped":0,"pct":90}}
,"C:\\Users\\paz37\\OneDrive\\Desktop\\ISW2\\ProyectoISW2\\Proyecto_ISW2\\pages\\api\\admin\\products\\imagen.js": {"lines":{"total":35,"covered":35,"skipped":0,"pct":100},"functions":{"total":3,"covered":3,"skipped":0,"pct":100},"statements":{"total":37,"covered":37,"skipped":0,"pct":100},"branches":{"total":14,"covered":14,"skipped":0,"pct":100}}
,"C:\\Users\\paz37\\OneDrive\\Desktop\\ISW2\\ProyectoISW2\\Proyecto_ISW2\\pages\\api\\admin\\products\\index.js": {"lines":{"total":25,"covered":22,"skipped":0,"pct":88},"functions":{"total":3,"covered":3,"skipped":0,"pct":100},"statements":{"total":30,"covered":26,"skipped":0,"pct":86.66},"branches":{"total":12,"covered":11,"skipped":0,"pct":91.66}}
,"C:\\Users\\paz37\\OneDrive\\Desktop\\ISW2\\ProyectoISW2\\Proyecto_ISW2\\pages\\api\\auth\\continuar.js": {"lines":{"total":21,"covered":21,"skipped":0,"pct":100},"functions":{"total":3,"covered":3,"skipped":0,"pct":100},"statements":{"total":25,"covered":25,"skipped":0,"pct":100},"branches":{"total":18,"covered":18,"skipped":0,"pct":100}}
,"C:\\Users\\paz37\\OneDrive\\Desktop\\ISW2\\ProyectoISW2\\Proyecto_ISW2\\pages\\api\\cuenta\\pedidos.js": {"lines":{"total":16,"covered":16,"skipped":0,"pct":100},"functions":{"total":2,"covered":1,"skipped":0,"pct":50},"statements":{"total":18,"covered":17,"skipped":0,"pct":94.44},"branches":{"total":6,"covered":6,"skipped":0,"pct":100}}
,"C:\\Users\\paz37\\OneDrive\\Desktop\\ISW2\\ProyectoISW2\\Proyecto_ISW2\\pages\\api\\cuenta\\perfil.js": {"lines":{"total":19,"covered":14,"skipped":0,"pct":73.68},"functions":{"total":2,"covered":1,"skipped":0,"pct":50},"statements":{"total":22,"covered":14,"skipped":0,"pct":63.63},"branches":{"total":14,"covered":11,"skipped":0,"pct":78.57}}
,"C:\\Users\\paz37\\OneDrive\\Desktop\\ISW2\\ProyectoISW2\\Proyecto_ISW2\\pages\\api\\sistema\\cuentas\\[id].js": {"lines":{"total":20,"covered":15,"skipped":0,"pct":75},"functions":{"total":1,"covered":1,"skipped":0,"pct":100},"statements":{"total":22,"covered":16,"skipped":0,"pct":72.72},"branches":{"total":16,"covered":12,"skipped":0,"pct":75}}
,"C:\\Users\\paz37\\OneDrive\\Desktop\\ISW2\\ProyectoISW2\\Proyecto_ISW2\\pages\\api\\sistema\\cuentas\\index.js": {"lines":{"total":18,"covered":16,"skipped":0,"pct":88.88},"functions":{"total":3,"covered":3,"skipped":0,"pct":100},"statements":{"total":21,"covered":18,"skipped":0,"pct":85.71},"branches":{"total":14,"covered":11,"skipped":0,"pct":78.57}}
,"C:\\Users\\paz37\\OneDrive\\Desktop\\ISW2\\ProyectoISW2\\Proyecto_ISW2\\pages\\api\\sistema\\tickets\\[id].js": {"lines":{"total":36,"covered":30,"skipped":0,"pct":83.33},"functions":{"total":2,"covered":2,"skipped":0,"pct":100},"statements":{"total":42,"covered":36,"skipped":0,"pct":85.71},"branches":{"total":35,"covered":30,"skipped":0,"pct":85.71}}
,"C:\\Users\\paz37\\OneDrive\\Desktop\\ISW2\\ProyectoISW2\\Proyecto_ISW2\\pages\\api\\sistema\\tickets\\index.js": {"lines":{"total":21,"covered":19,"skipped":0,"pct":90.47},"functions":{"total":1,"covered":1,"skipped":0,"pct":100},"statements":{"total":24,"covered":22,"skipped":0,"pct":91.66},"branches":{"total":15,"covered":14,"skipped":0,"pct":93.33}}
}
