TN:
SF:context\CartContext.jsx
FN:22,readStoredItems
FN:31,(anonymous_1)
FN:32,(anonymous_2)
FN:41,CartProvider
FN:52,(anonymous_4)
FN:55,(anonymous_5)
FN:58,(anonymous_6)
FN:62,(anonymous_7)
FN:68,(anonymous_8)
FN:78,(anonymous_9)
FN:84,(anonymous_10)
FN:95,(anonymous_11)
FN:134,(anonymous_12)
FN:136,(anonymous_13)
FN:152,(anonymous_14)
FN:155,(anonymous_15)
FN:168,(anonymous_16)
FN:169,(anonymous_17)
FN:170,(anonymous_18)
FN:180,(anonymous_19)
FN:181,(anonymous_20)
FN:181,(anonymous_21)
FN:184,(anonymous_22)
FN:187,(anonymous_23)
FN:199,(anonymous_24)
FN:200,(anonymous_25)
FN:206,(anonymous_26)
FN:208,(anonymous_27)
FN:209,(anonymous_28)
FN:215,(anonymous_29)
FN:216,(anonymous_30)
FN:220,(anonymous_31)
FN:262,useCart
FNF:33
FNH:29
FNDA:15,readStoredItems
FNDA:9,(anonymous_1)
FNDA:9,(anonymous_2)
FNDA:46,CartProvider
FNDA:15,(anonymous_4)
FNDA:0,(anonymous_5)
FNDA:30,(anonymous_6)
FNDA:15,(anonymous_7)
FNDA:43,(anonymous_8)
FNDA:15,(anonymous_9)
FNDA:30,(anonymous_10)
FNDA:43,(anonymous_11)
FNDA:43,(anonymous_12)
FNDA:17,(anonymous_13)
FNDA:11,(anonymous_14)
FNDA:4,(anonymous_15)
FNDA:9,(anonymous_16)
FNDA:3,(anonymous_17)
FNDA:3,(anonymous_18)
FNDA:1,(anonymous_19)
FNDA:1,(anonymous_20)
FNDA:1,(anonymous_21)
FNDA:2,(anonymous_22)
FNDA:2,(anonymous_23)
FNDA:0,(anonymous_24)
FNDA:0,(anonymous_25)
FNDA:0,(anonymous_26)
FNDA:1,(anonymous_27)
FNDA:1,(anonymous_28)
FNDA:2,(anonymous_29)
FNDA:3,(anonymous_30)
FNDA:46,(anonymous_31)
FNDA:47,useCart
DA:11,1
DA:12,1
DA:23,15
DA:24,15
DA:25,15
DA:26,8
DA:27,8
DA:30,7
DA:31,9
DA:34,9
DA:37,1
DA:42,46
DA:43,46
DA:45,46
DA:46,46
DA:47,46
DA:48,46
DA:49,46
DA:50,46
DA:52,46
DA:53,15
DA:54,15
DA:55,15
DA:58,46
DA:62,46
DA:63,15
DA:64,15
DA:68,46
DA:69,43
DA:70,28
DA:71,28
DA:78,46
DA:79,15
DA:80,39
DA:81,15
DA:84,46
DA:85,30
DA:95,46
DA:96,43
DA:98,26
DA:99,26
DA:100,26
DA:102,26
DA:103,17
DA:104,17
DA:105,2
DA:106,2
DA:108,15
DA:109,1
DA:110,1
DA:111,1
DA:113,14
DA:116,26
DA:118,3
DA:119,3
DA:120,3
DA:121,2
DA:127,3
DA:128,1
DA:130,3
DA:134,46
DA:135,43
DA:136,39
DA:137,17
DA:138,17
DA:139,16
DA:152,46
DA:154,11
DA:155,11
DA:157,11
DA:158,1
DA:159,1
DA:161,10
DA:162,1
DA:165,1
DA:168,9
DA:169,9
DA:171,3
DA:175,9
DA:180,46
DA:181,1
DA:184,46
DA:186,2
DA:187,2
DA:188,2
DA:190,2
DA:191,1
DA:192,1
DA:194,1
DA:195,1
DA:196,1
DA:199,0
DA:200,0
DA:206,46
DA:208,46
DA:209,1
DA:215,46
DA:216,3
DA:220,46
DA:221,46
DA:259,46
DA:263,47
DA:264,47
DA:265,1
DA:267,46
LF:105
LH:103
BRDA:25,0,0,7
BRDA:25,0,1,8
BRDA:27,1,0,0
BRDA:27,1,1,8
BRDA:34,2,0,9
BRDA:34,2,1,9
BRDA:34,2,2,9
BRDA:41,3,0,46
BRDA:41,4,0,46
BRDA:69,5,0,15
BRDA:69,5,1,28
BRDA:85,6,0,30
BRDA:85,6,1,1
BRDA:96,7,0,17
BRDA:96,7,1,26
BRDA:96,8,0,43
BRDA:96,8,1,28
BRDA:104,9,0,2
BRDA:104,9,1,15
BRDA:104,10,0,17
BRDA:104,10,1,16
BRDA:108,11,0,1
BRDA:108,11,1,14
BRDA:116,12,0,23
BRDA:116,12,1,3
BRDA:116,13,0,26
BRDA:116,13,1,24
BRDA:120,14,0,2
BRDA:120,14,1,1
BRDA:122,15,0,2
BRDA:122,15,1,0
BRDA:127,16,0,1
BRDA:127,16,1,2
BRDA:135,17,0,4
BRDA:135,17,1,39
BRDA:138,18,0,1
BRDA:138,18,1,16
BRDA:155,19,0,11
BRDA:155,19,1,7
BRDA:157,20,0,1
BRDA:157,20,1,10
BRDA:161,21,0,1
BRDA:161,21,1,9
BRDA:169,22,0,3
BRDA:169,22,1,6
BRDA:171,23,0,3
BRDA:171,23,1,0
BRDA:187,24,0,2
BRDA:187,24,1,0
BRDA:190,25,0,1
BRDA:190,25,1,1
BRDA:194,26,0,1
BRDA:194,26,1,0
BRDA:200,27,0,0
BRDA:200,27,1,0
BRDA:264,28,0,1
BRDA:264,28,1,46
BRF:57
BRH:50
end_of_record
TN:
SF:context\CatalogoContext.jsx
FN:15,CatalogoProvider
FN:21,(anonymous_1)
FN:24,pedirProductos
FN:34,pedirCategorias
FN:45,cargar
FN:66,(anonymous_5)
FN:71,(anonymous_6)
FN:86,useCatalogo
FNF:8
FNH:8
FNDA:18,CatalogoProvider
FNDA:9,(anonymous_1)
FNDA:9,pedirProductos
FNDA:9,pedirCategorias
FNDA:9,cargar
FNDA:9,(anonymous_5)
FNDA:18,(anonymous_6)
FNDA:22,useCatalogo
DA:4,1
DA:16,18
DA:17,18
DA:18,18
DA:19,18
DA:21,18
DA:22,9
DA:25,9
DA:26,9
DA:27,7
DA:35,9
DA:36,9
DA:37,8
DA:38,6
DA:39,6
DA:41,1
DA:48,9
DA:50,9
DA:51,9
DA:52,7
DA:54,2
DA:56,9
DA:59,9
DA:60,9
DA:63,9
DA:66,9
DA:67,9
DA:71,18
DA:72,18
DA:83,18
DA:87,22
DA:88,22
DA:89,4
DA:91,18
LF:34
LH:34
BRDA:26,0,0,2
BRDA:26,0,1,7
BRDA:37,1,0,2
BRDA:37,1,1,6
BRDA:39,2,0,5
BRDA:39,2,1,1
BRDA:39,3,0,6
BRDA:39,3,1,6
BRDA:52,4,0,7
BRDA:52,4,1,0
BRDA:54,5,0,2
BRDA:54,5,1,0
BRDA:56,6,0,9
BRDA:56,6,1,0
BRDA:60,7,0,5
BRDA:60,7,1,4
BRDA:60,8,0,9
BRDA:60,8,1,9
BRDA:78,9,0,18
BRDA:78,9,1,9
BRDA:88,10,0,4
BRDA:88,10,1,18
BRF:22
BRH:19
end_of_record
TN:
SF:lib\admin-auth.js
FN:21,passwordConfigurada
FN:32,hayPasswordConfigurada
FN:41,firmar
FN:47,sonIguales
FN:59,passwordEsCorrecta
FN:64,crearToken
FN:75,tokenEsValido
FN:95,estaAutenticado
FN:100,cookieDeSesion
FN:113,cookieDeCierre
FN:120,soloAdmin
FN:121,(anonymous_11)
FNF:12
FNH:12
FNDA:226,passwordConfigurada
FNDA:115,hayPasswordConfigurada
FNDA:103,firmar
FNDA:60,sonIguales
FNDA:15,passwordEsCorrecta
FNDA:51,crearToken
FNDA:66,tokenEsValido
FNDA:54,estaAutenticado
FNDA:4,cookieDeSesion
FNDA:4,cookieDeCierre
FNDA:7,soloAdmin
FNDA:50,(anonymous_11)
DA:1,4
DA:16,4
DA:17,4
DA:19,4
DA:22,226
DA:23,226
DA:24,5
DA:29,221
DA:33,115
DA:34,115
DA:35,115
DA:37,5
DA:42,103
DA:48,60
DA:49,60
DA:50,60
DA:53,7
DA:54,7
DA:56,53
DA:60,15
DA:61,8
DA:65,51
DA:71,51
DA:72,51
DA:76,66
DA:78,56
DA:79,56
DA:81,52
DA:85,52
DA:87,47
DA:88,47
DA:89,47
DA:91,0
DA:96,54
DA:97,53
DA:101,4
DA:109,4
DA:110,4
DA:114,4
DA:115,4
DA:116,4
DA:121,7
DA:122,50
DA:123,1
DA:124,1
DA:126,49
DA:127,7
DA:129,42
LF:48
LH:47
BRDA:23,0,0,5
BRDA:23,0,1,221
BRDA:23,1,0,226
BRDA:23,1,1,222
BRDA:50,2,0,7
BRDA:50,2,1,53
BRDA:60,3,0,7
BRDA:60,3,1,8
BRDA:60,4,0,15
BRDA:60,4,1,10
BRDA:76,5,0,10
BRDA:76,5,1,56
BRDA:79,6,0,4
BRDA:79,6,1,52
BRDA:85,7,0,5
BRDA:85,7,1,47
BRDA:89,8,0,47
BRDA:89,8,1,47
BRDA:96,9,0,1
BRDA:96,9,1,53
BRDA:109,10,0,0
BRDA:109,10,1,4
BRDA:115,11,0,0
BRDA:115,11,1,4
BRDA:122,12,0,1
BRDA:122,12,1,49
BRDA:126,13,0,7
BRDA:126,13,1,42
BRF:28
BRH:26
end_of_record
TN:
SF:lib\cache.js
FN:26,conCache
FN:33,(anonymous_1)
FN:58,invalidar
FN:63,limpiarCache
FN:69,tamanoCache
FNF:5
FNH:5
FNDA:43,conCache
FNDA:36,(anonymous_1)
FNDA:13,invalidar
FNDA:41,limpiarCache
FNDA:2,tamanoCache
DA:19,5
DA:24,5
DA:27,43
DA:28,43
DA:30,38
DA:31,38
DA:33,36
DA:34,36
DA:35,36
DA:36,28
DA:37,28
DA:42,8
DA:43,7
DA:45,36
DA:49,36
DA:50,36
DA:59,13
DA:60,13
DA:64,41
DA:65,41
DA:70,2
DA:75,5
DA:76,5
LF:23
LH:23
BRDA:28,0,0,5
BRDA:28,0,1,38
BRDA:28,1,0,43
BRDA:28,1,1,7
BRDA:31,2,0,2
BRDA:31,2,1,36
BRDA:42,3,0,1
BRDA:42,3,1,7
BRF:8
BRH:8
end_of_record
TN:
SF:lib\categorias.js
FN:30,(anonymous_0)
FN:33,(anonymous_1)
FN:36,esCategoriaValida
FN:44,etiquetasDe
FN:45,(anonymous_4)
FNF:5
FNH:5
FNDA:15,(anonymous_0)
FNDA:15,(anonymous_1)
FNDA:40,esCategoriaValida
FNDA:18,etiquetasDe
FNDA:80,(anonymous_4)
DA:22,3
DA:30,15
DA:32,3
DA:33,15
DA:37,40
DA:45,80
LF:6
LH:6
BRF:0
BRH:0
end_of_record
TN:
SF:lib\negocio.js
FN:37,enlaceWhatsApp
FNF:1
FNH:1
FNDA:7,enlaceWhatsApp
DA:13,1
DA:15,1
DA:38,7
DA:39,7
LF:4
LH:4
BRDA:39,0,0,3
BRDA:39,0,1,4
BRF:2
BRH:2
end_of_record
TN:
SF:lib\respuesta-cacheable.js
FN:37,calcularETag
FN:50,coincideETag
FN:53,(anonymous_2)
FN:58,(anonymous_3)
FN:59,(anonymous_4)
FN:66,responderJSON
FNF:6
FNH:6
FNDA:35,calcularETag
FNDA:31,coincideETag
FNDA:11,(anonymous_2)
FNDA:20,(anonymous_3)
FNDA:10,(anonymous_4)
FNDA:24,responderJSON
DA:1,4
DA:38,35
DA:43,35
DA:51,31
DA:53,11
DA:54,10
DA:58,20
DA:59,10
DA:67,24
DA:69,24
DA:70,24
DA:72,24
DA:74,3
DA:75,3
DA:78,21
DA:79,21
DA:90,4
DA:98,4
DA:101,4
LF:19
LH:19
BRDA:51,0,0,21
BRDA:51,0,1,10
BRDA:54,1,0,1
BRDA:54,1,1,9
BRDA:72,2,0,3
BRDA:72,2,1,21
BRF:6
BRH:6
end_of_record
TN:
SF:lib\use-escape.js
FN:17,useCerrarConEscape
FN:18,(anonymous_1)
FN:21,alPresionar
FN:26,(anonymous_3)
FNF:4
FNH:4
FNDA:10,useCerrarConEscape
FNDA:10,(anonymous_1)
FNDA:6,alPresionar
FNDA:8,(anonymous_3)
DA:18,10
DA:19,10
DA:22,6
DA:25,8
DA:26,8
LF:5
LH:5
BRDA:19,0,0,2
BRDA:19,0,1,8
BRDA:22,1,0,1
BRDA:22,1,1,5
BRF:4
BRH:4
end_of_record
TN:
SF:lib\use-revelar.js
FN:18,useRevelar
FN:19,(anonymous_1)
FN:23,(anonymous_2)
FN:39,(anonymous_3)
FN:57,(anonymous_4)
FNF:5
FNH:5
FNDA:12,useRevelar
FNDA:12,(anonymous_1)
FNDA:2,(anonymous_2)
FNDA:3,(anonymous_3)
FNDA:9,(anonymous_4)
DA:19,12
DA:20,12
DA:21,12
DA:23,11
DA:24,6
DA:30,11
DA:31,11
DA:33,12
DA:34,2
DA:35,2
DA:38,9
DA:40,3
DA:41,3
DA:43,2
DA:46,2
DA:55,16
DA:57,9
LF:17
LH:17
BRDA:21,0,0,1
BRDA:21,0,1,11
BRDA:33,1,0,2
BRDA:33,1,1,10
BRDA:33,2,0,12
BRDA:33,2,1,10
BRDA:41,3,0,1
BRDA:41,3,1,2
BRF:8
BRH:8
end_of_record
TN:
SF:lib\validar-producto.js
FN:18,validarNombre
FN:29,validarCategoria
FN:37,validarPrecio
FN:49,validarStock
FN:60,validarDescripcion
FN:70,validarImagen
FN:115,validarProducto
FNF:7
FNH:7
FNDA:46,validarNombre
FNDA:40,validarCategoria
FNDA:36,validarPrecio
FNDA:31,validarStock
FNDA:22,validarDescripcion
FNDA:22,validarImagen
FNDA:54,validarProducto
DA:3,2
DA:4,2
DA:5,2
DA:6,2
DA:19,46
DA:21,46
DA:22,40
DA:23,1
DA:26,39
DA:30,40
DA:32,40
DA:34,35
DA:38,36
DA:40,36
DA:41,7
DA:43,29
DA:46,28
DA:50,31
DA:52,31
DA:53,4
DA:55,27
DA:57,26
DA:61,22
DA:63,22
DA:64,0
DA:67,22
DA:71,22
DA:73,22
DA:76,21
DA:77,21
DA:79,1
DA:84,20
DA:85,4
DA:88,16
DA:95,2
DA:116,54
DA:117,54
DA:119,54
DA:120,235
DA:124,235
DA:125,235
DA:127,197
DA:128,197
DA:130,167
DA:133,24
DA:134,2
DA:137,22
LF:47
LH:46
BRDA:19,0,0,46
BRDA:19,0,1,3
BRDA:21,1,0,6
BRDA:21,1,1,40
BRDA:22,2,0,1
BRDA:22,2,1,39
BRDA:30,3,0,40
BRDA:30,3,1,1
BRDA:32,4,0,5
BRDA:32,4,1,35
BRDA:40,5,0,7
BRDA:40,5,1,29
BRDA:40,6,0,36
BRDA:40,6,1,33
BRDA:43,7,0,1
BRDA:43,7,1,28
BRDA:52,8,0,4
BRDA:52,8,1,27
BRDA:52,9,0,31
BRDA:52,9,1,28
BRDA:55,10,0,1
BRDA:55,10,1,26
BRDA:61,11,0,22
BRDA:61,11,1,0
BRDA:63,12,0,0
BRDA:63,12,1,22
BRDA:71,13,0,22
BRDA:71,13,1,0
BRDA:73,14,0,1
BRDA:73,14,1,21
BRDA:84,15,0,4
BRDA:84,15,1,16
BRDA:84,16,0,20
BRDA:84,16,1,5
BRDA:115,17,0,54
BRDA:115,18,0,54
BRDA:116,19,0,54
BRDA:116,19,1,1
BRDA:124,20,0,235
BRDA:124,20,1,41
BRDA:124,20,2,5
BRDA:125,21,0,38
BRDA:125,21,1,197
BRDA:128,22,0,30
BRDA:128,22,1,167
BRDA:133,23,0,2
BRDA:133,23,1,22
BRDA:133,24,0,24
BRDA:133,24,1,6
BRF:49
BRH:46
end_of_record
TN:
SF:pages\api\categories.js
FN:9,handler
FN:16,(anonymous_1)
FNF:2
FNH:2
FNDA:10,handler
FNDA:8,(anonymous_1)
DA:7,1
DA:10,10
DA:11,1
DA:12,1
DA:15,9
DA:16,9
DA:17,8
DA:22,7
DA:23,6
DA:26,7
DA:28,2
DA:29,2
LF:12
LH:12
BRDA:10,0,0,1
BRDA:10,0,1,9
BRDA:22,1,0,1
BRDA:22,1,1,6
BRF:4
BRH:4
end_of_record
TN:
SF:pages\api\health.js
FN:13,handler
FNF:1
FNH:1
FNDA:8,handler
DA:14,8
DA:15,1
DA:16,1
DA:19,7
DA:20,7
DA:21,7
DA:23,7
DA:25,7
DA:29,6
DA:31,4
DA:33,3
DA:34,3
DA:35,3
DA:38,7
DA:49,8
DA:50,8
DA:51,8
LF:17
LH:17
BRDA:14,0,0,1
BRDA:14,0,1,7
BRDA:29,1,0,2
BRDA:29,1,1,4
BRDA:40,2,0,4
BRDA:40,2,1,3
BRDA:42,3,0,8
BRDA:42,3,1,0
BRDA:51,4,0,4
BRDA:51,4,1,3
BRF:10
BRH:9
end_of_record
TN:
SF:pages\api\orders.js
FN:23,normalizeItems
FN:43,handler
FNF:2
FNH:2
FNDA:23,normalizeItems
FNDA:24,handler
DA:7,1
DA:9,1
DA:15,1
DA:24,23
DA:25,4
DA:28,19
DA:30,19
DA:31,20
DA:32,20
DA:34,20
DA:35,19
DA:37,16
DA:40,15
DA:44,24
DA:45,1
DA:46,1
DA:49,23
DA:51,24
DA:52,24
DA:53,8
DA:56,15
DA:57,4
DA:60,11
DA:64,11
DA:73,10
DA:74,2
DA:75,1
DA:77,1
DA:83,8
DA:85,8
DA:87,2
DA:88,2
LF:32
LH:32
BRDA:24,0,0,4
BRDA:24,0,1,19
BRDA:24,1,0,23
BRDA:24,1,1,21
BRDA:24,1,2,20
BRDA:34,2,0,1
BRDA:34,2,1,19
BRDA:34,3,0,20
BRDA:34,3,1,19
BRDA:35,4,0,3
BRDA:35,4,1,16
BRDA:35,5,0,19
BRDA:35,5,1,18
BRDA:44,6,0,1
BRDA:44,6,1,23
BRDA:49,7,0,23
BRDA:49,7,1,1
BRDA:52,8,0,8
BRDA:52,8,1,16
BRDA:56,9,0,4
BRDA:56,9,1,11
BRDA:65,10,0,11
BRDA:65,10,1,1
BRDA:66,11,0,24
BRDA:66,11,1,1
BRDA:67,12,0,24
BRDA:67,12,1,1
BRDA:68,13,0,24
BRDA:68,13,1,1
BRDA:69,14,0,24
BRDA:69,14,1,0
BRDA:73,15,0,2
BRDA:73,15,1,8
BRDA:74,16,0,1
BRDA:74,16,1,1
BRF:35
BRH:34
end_of_record
TN:
SF:pages\api\products.js
FN:11,handler
FN:18,(anonymous_1)
FNF:2
FNH:2
FNDA:15,handler
FNDA:13,(anonymous_1)
DA:9,1
DA:12,15
DA:13,1
DA:14,1
DA:17,14
DA:18,14
DA:19,13
DA:24,12
DA:25,10
DA:28,11
DA:30,3
DA:31,3
LF:12
LH:12
BRDA:12,0,0,1
BRDA:12,0,1,14
BRDA:24,1,0,2
BRDA:24,1,1,10
BRF:4
BRH:4
end_of_record
TN:
SF:pages\api\admin\login.js
FN:13,handler
FN:27,(anonymous_1)
FNF:2
FNH:2
FNDA:9,handler
FNDA:5,(anonymous_1)
DA:11,1
DA:14,9
DA:15,1
DA:16,1
DA:19,8
DA:20,1
DA:21,1
DA:24,7
DA:26,9
DA:27,5
DA:28,5
DA:31,2
DA:32,2
LF:13
LH:13
BRDA:14,0,0,1
BRDA:14,0,1,8
BRDA:19,1,0,1
BRDA:19,1,1,7
BRDA:24,2,0,7
BRDA:24,2,1,1
BRDA:26,3,0,5
BRDA:26,3,1,4
BRF:8
BRH:8
end_of_record
TN:
SF:pages\api\admin\logout.js
FN:3,handler
FNF:1
FNH:1
FNDA:4,handler
DA:4,4
DA:5,1
DA:6,1
DA:11,3
DA:12,3
LF:5
LH:5
BRDA:4,0,0,1
BRDA:4,0,1,3
BRF:2
BRH:2
end_of_record
TN:
SF:pages\api\admin\orders\[id].js
FN:8,handler
FNF:1
FNH:1
FNDA:14,handler
DA:6,1
DA:9,14
DA:10,1
DA:11,1
DA:14,13
DA:15,13
DA:16,3
DA:19,10
DA:20,14
DA:21,3
DA:24,7
DA:25,7
DA:32,7
DA:33,7
DA:35,6
DA:37,0
DA:38,0
LF:17
LH:15
BRDA:9,0,0,1
BRDA:9,0,1,13
BRDA:15,1,0,3
BRDA:15,1,1,10
BRDA:15,2,0,13
BRDA:15,2,1,12
BRDA:19,3,0,10
BRDA:19,3,1,0
BRDA:20,4,0,3
BRDA:20,4,1,11
BRDA:32,5,0,0
BRDA:32,5,1,7
BRDA:33,6,0,1
BRDA:33,6,1,6
BRF:14
BRH:12
end_of_record
TN:
SF:pages\api\admin\orders\index.js
FN:4,handler
FNF:1
FNH:1
FNDA:5,handler
DA:5,5
DA:6,1
DA:7,1
DA:10,4
DA:14,4
DA:25,4
DA:27,3
DA:28,3
DA:30,1
DA:31,1
LF:10
LH:10
BRDA:5,0,0,1
BRDA:5,0,1,4
BRDA:25,1,0,1
BRDA:25,1,1,3
BRF:4
BRH:4
end_of_record
TN:
SF:pages\api\admin\products\[id].js
FN:8,handler
FN:21,editar
FN:51,eliminar
FNF:3
FNH:3
FNDA:11,handler
FNDA:5,editar
FNDA:2,eliminar
DA:6,1
DA:9,11
DA:10,11
DA:11,3
DA:14,8
DA:15,3
DA:17,1
DA:18,1
DA:22,5
DA:23,5
DA:25,3
DA:26,3
DA:33,3
DA:34,2
DA:36,1
DA:38,1
DA:42,1
DA:43,1
DA:46,0
DA:47,0
DA:52,2
DA:55,2
DA:62,2
DA:63,2
DA:65,1
DA:67,1
DA:69,0
DA:70,0
LF:28
LH:24
BRDA:10,0,0,3
BRDA:10,0,1,8
BRDA:10,1,0,11
BRDA:10,1,1,10
BRDA:14,2,0,5
BRDA:14,2,1,3
BRDA:15,3,0,2
BRDA:15,3,1,1
BRDA:23,4,0,2
BRDA:23,4,1,3
BRDA:33,5,0,1
BRDA:33,5,1,2
BRDA:34,6,0,1
BRDA:34,6,1,1
BRDA:42,7,0,1
BRDA:42,7,1,0
BRDA:62,8,0,0
BRDA:62,8,1,2
BRDA:63,9,0,1
BRDA:63,9,1,1
BRF:20
BRH:18
end_of_record
TN:
SF:pages\api\admin\products\index.js
FN:9,handler
FN:17,listar
FN:36,crear
FNF:3
FNH:3
FNDA:11,handler
FNDA:1,listar
FNDA:9,crear
DA:7,1
DA:10,11
DA:11,10
DA:13,1
DA:14,1
DA:18,1
DA:19,1
DA:24,1
DA:28,1
DA:29,1
DA:31,0
DA:32,0
DA:37,9
DA:38,9
DA:40,4
DA:41,4
DA:47,4
DA:49,1
DA:51,1
DA:57,3
DA:58,2
DA:61,1
DA:62,1
LF:23
LH:21
BRDA:10,0,0,1
BRDA:10,0,1,10
BRDA:11,1,0,9
BRDA:11,1,1,1
BRDA:24,2,0,0
BRDA:24,2,1,1
BRDA:38,3,0,5
BRDA:38,3,1,4
BRDA:47,4,0,3
BRDA:47,4,1,1
BRDA:57,5,0,2
BRDA:57,5,1,1
BRF:12
BRH:11
end_of_record
