TN:
SF:context\CartContext.jsx
FN:22,readStoredItems
FN:31,(anonymous_1)
FN:32,(anonymous_2)
FN:41,CartProvider
FN:52,(anonymous_4)
FN:55,(anonymous_5)
FN:58,(anonymous_6)
FN:62,(anonymous_7)
FN:68,(anonymous_8)
FN:78,(anonymous_9)
FN:84,(anonymous_10)
FN:95,(anonymous_11)
FN:134,(anonymous_12)
FN:136,(anonymous_13)
FN:152,(anonymous_14)
FN:155,(anonymous_15)
FN:168,(anonymous_16)
FN:169,(anonymous_17)
FN:170,(anonymous_18)
FN:180,(anonymous_19)
FN:181,(anonymous_20)
FN:181,(anonymous_21)
FN:184,(anonymous_22)
FN:187,(anonymous_23)
FN:199,(anonymous_24)
FN:200,(anonymous_25)
FN:206,(anonymous_26)
FN:208,(anonymous_27)
FN:209,(anonymous_28)
FN:215,(anonymous_29)
FN:216,(anonymous_30)
FN:220,(anonymous_31)
FN:262,useCart
FNF:33
FNH:29
FNDA:15,readStoredItems
FNDA:9,(anonymous_1)
FNDA:9,(anonymous_2)
FNDA:46,CartProvider
FNDA:15,(anonymous_4)
FNDA:0,(anonymous_5)
FNDA:30,(anonymous_6)
FNDA:15,(anonymous_7)
FNDA:43,(anonymous_8)
FNDA:15,(anonymous_9)
FNDA:30,(anonymous_10)
FNDA:43,(anonymous_11)
FNDA:43,(anonymous_12)
FNDA:17,(anonymous_13)
FNDA:11,(anonymous_14)
FNDA:4,(anonymous_15)
FNDA:9,(anonymous_16)
FNDA:3,(anonymous_17)
FNDA:3,(anonymous_18)
FNDA:1,(anonymous_19)
FNDA:1,(anonymous_20)
FNDA:1,(anonymous_21)
FNDA:2,(anonymous_22)
FNDA:2,(anonymous_23)
FNDA:0,(anonymous_24)
FNDA:0,(anonymous_25)
FNDA:0,(anonymous_26)
FNDA:1,(anonymous_27)
FNDA:1,(anonymous_28)
FNDA:2,(anonymous_29)
FNDA:3,(anonymous_30)
FNDA:46,(anonymous_31)
FNDA:47,useCart
DA:11,1
DA:12,1
DA:23,15
DA:24,15
DA:25,15
DA:26,8
DA:27,8
DA:30,7
DA:31,9
DA:34,9
DA:37,1
DA:42,46
DA:43,46
DA:45,46
DA:46,46
DA:47,46
DA:48,46
DA:49,46
DA:50,46
DA:52,46
DA:53,15
DA:54,15
DA:55,15
DA:58,46
DA:62,46
DA:63,15
DA:64,15
DA:68,46
DA:69,43
DA:70,28
DA:71,28
DA:78,46
DA:79,15
DA:80,39
DA:81,15
DA:84,46
DA:85,30
DA:95,46
DA:96,43
DA:98,26
DA:99,26
DA:100,26
DA:102,26
DA:103,17
DA:104,17
DA:105,2
DA:106,2
DA:108,15
DA:109,1
DA:110,1
DA:111,1
DA:113,14
DA:116,26
DA:118,3
DA:119,3
DA:120,3
DA:121,2
DA:127,3
DA:128,1
DA:130,3
DA:134,46
DA:135,43
DA:136,39
DA:137,17
DA:138,17
DA:139,16
DA:152,46
DA:154,11
DA:155,11
DA:157,11
DA:158,1
DA:159,1
DA:161,10
DA:162,1
DA:165,1
DA:168,9
DA:169,9
DA:171,3
DA:175,9
DA:180,46
DA:181,1
DA:184,46
DA:186,2
DA:187,2
DA:188,2
DA:190,2
DA:191,1
DA:192,1
DA:194,1
DA:195,1
DA:196,1
DA:199,0
DA:200,0
DA:206,46
DA:208,46
DA:209,1
DA:215,46
DA:216,3
DA:220,46
DA:221,46
DA:259,46
DA:263,47
DA:264,47
DA:265,1
DA:267,46
LF:105
LH:103
BRDA:25,0,0,7
BRDA:25,0,1,8
BRDA:27,1,0,0
BRDA:27,1,1,8
BRDA:34,2,0,9
BRDA:34,2,1,9
BRDA:34,2,2,9
BRDA:41,3,0,46
BRDA:41,4,0,46
BRDA:69,5,0,15
BRDA:69,5,1,28
BRDA:85,6,0,30
BRDA:85,6,1,1
BRDA:96,7,0,17
BRDA:96,7,1,26
BRDA:96,8,0,43
BRDA:96,8,1,28
BRDA:104,9,0,2
BRDA:104,9,1,15
BRDA:104,10,0,17
BRDA:104,10,1,16
BRDA:108,11,0,1
BRDA:108,11,1,14
BRDA:116,12,0,23
BRDA:116,12,1,3
BRDA:116,13,0,26
BRDA:116,13,1,24
BRDA:120,14,0,2
BRDA:120,14,1,1
BRDA:122,15,0,2
BRDA:122,15,1,0
BRDA:127,16,0,1
BRDA:127,16,1,2
BRDA:135,17,0,4
BRDA:135,17,1,39
BRDA:138,18,0,1
BRDA:138,18,1,16
BRDA:155,19,0,11
BRDA:155,19,1,7
BRDA:157,20,0,1
BRDA:157,20,1,10
BRDA:161,21,0,1
BRDA:161,21,1,9
BRDA:169,22,0,3
BRDA:169,22,1,6
BRDA:171,23,0,3
BRDA:171,23,1,0
BRDA:187,24,0,2
BRDA:187,24,1,0
BRDA:190,25,0,1
BRDA:190,25,1,1
BRDA:194,26,0,1
BRDA:194,26,1,0
BRDA:200,27,0,0
BRDA:200,27,1,0
BRDA:264,28,0,1
BRDA:264,28,1,46
BRF:57
BRH:50
end_of_record
TN:
SF:context\CatalogoContext.jsx
FN:15,CatalogoProvider
FN:21,(anonymous_1)
FN:24,pedirProductos
FN:34,pedirCategorias
FN:45,cargar
FN:66,(anonymous_5)
FN:71,(anonymous_6)
FN:86,useCatalogo
FNF:8
FNH:8
FNDA:18,CatalogoProvider
FNDA:9,(anonymous_1)
FNDA:9,pedirProductos
FNDA:9,pedirCategorias
FNDA:9,cargar
FNDA:9,(anonymous_5)
FNDA:18,(anonymous_6)
FNDA:22,useCatalogo
DA:4,1
DA:16,18
DA:17,18
DA:18,18
DA:19,18
DA:21,18
DA:22,9
DA:25,9
DA:26,9
DA:27,7
DA:35,9
DA:36,9
DA:37,8
DA:38,6
DA:39,6
DA:41,1
DA:48,9
DA:50,9
DA:51,9
DA:52,7
DA:54,2
DA:56,9
DA:59,9
DA:60,9
DA:63,9
DA:66,9
DA:67,9
DA:71,18
DA:72,18
DA:83,18
DA:87,22
DA:88,22
DA:89,4
DA:91,18
LF:34
LH:34
BRDA:26,0,0,2
BRDA:26,0,1,7
BRDA:37,1,0,2
BRDA:37,1,1,6
BRDA:39,2,0,5
BRDA:39,2,1,1
BRDA:39,3,0,6
BRDA:39,3,1,6
BRDA:52,4,0,7
BRDA:52,4,1,0
BRDA:54,5,0,2
BRDA:54,5,1,0
BRDA:56,6,0,9
BRDA:56,6,1,0
BRDA:60,7,0,5
BRDA:60,7,1,4
BRDA:60,8,0,9
BRDA:60,8,1,9
BRDA:78,9,0,18
BRDA:78,9,1,9
BRDA:88,10,0,4
BRDA:88,10,1,18
BRF:22
BRH:19
end_of_record
TN:
SF:lib\admin-auth.js
FN:21,passwordConfigurada
FN:32,hayPasswordConfigurada
FN:41,firmar
FN:47,sonIguales
FN:59,passwordEsCorrecta
FN:64,crearToken
FN:75,tokenEsValido
FN:95,estaAutenticado
FN:100,cookieDeSesion
FN:113,cookieDeCierre
FN:120,soloAdmin
FN:121,(anonymous_11)
FNF:12
FNH:12
FNDA:227,passwordConfigurada
FNDA:90,hayPasswordConfigurada
FNDA:129,firmar
FNDA:72,sonIguales
FNDA:15,passwordEsCorrecta
FNDA:65,crearToken
FNDA:79,tokenEsValido
FNDA:76,estaAutenticado
FNDA:4,cookieDeSesion
FNDA:9,cookieDeCierre
FNDA:3,soloAdmin
FNDA:3,(anonymous_11)
DA:1,13
DA:16,13
DA:17,13
DA:19,13
DA:22,227
DA:23,227
DA:24,14
DA:29,213
DA:33,90
DA:34,90
DA:35,90
DA:37,14
DA:42,129
DA:48,72
DA:49,72
DA:50,72
DA:53,7
DA:54,7
DA:56,65
DA:60,15
DA:61,8
DA:65,65
DA:71,65
DA:72,65
DA:76,79
DA:78,68
DA:79,68
DA:81,64
DA:85,64
DA:87,59
DA:88,59
DA:89,59
DA:91,0
DA:96,76
DA:97,66
DA:101,4
DA:109,4
DA:110,4
DA:114,9
DA:115,9
DA:116,9
DA:121,3
DA:122,3
DA:123,1
DA:124,1
DA:126,2
DA:127,1
DA:129,1
LF:48
LH:47
BRDA:23,0,0,14
BRDA:23,0,1,213
BRDA:23,1,0,227
BRDA:23,1,1,214
BRDA:50,2,0,7
BRDA:50,2,1,65
BRDA:60,3,0,7
BRDA:60,3,1,8
BRDA:60,4,0,15
BRDA:60,4,1,10
BRDA:76,5,0,11
BRDA:76,5,1,68
BRDA:79,6,0,4
BRDA:79,6,1,64
BRDA:85,7,0,5
BRDA:85,7,1,59
BRDA:89,8,0,59
BRDA:89,8,1,59
BRDA:96,9,0,10
BRDA:96,9,1,66
BRDA:109,10,0,0
BRDA:109,10,1,4
BRDA:115,11,0,0
BRDA:115,11,1,9
BRDA:122,12,0,1
BRDA:122,12,1,2
BRDA:126,13,0,1
BRDA:126,13,1,1
BRF:28
BRH:26
end_of_record
TN:
SF:lib\cache.js
FN:26,conCache
FN:33,(anonymous_1)
FN:58,invalidar
FN:63,limpiarCache
FN:69,tamanoCache
FNF:5
FNH:5
FNDA:43,conCache
FNDA:36,(anonymous_1)
FNDA:19,invalidar
FNDA:41,limpiarCache
FNDA:2,tamanoCache
DA:19,5
DA:24,5
DA:27,43
DA:28,43
DA:30,38
DA:31,38
DA:33,36
DA:34,36
DA:35,36
DA:36,28
DA:37,28
DA:42,8
DA:43,7
DA:45,36
DA:49,36
DA:50,36
DA:59,19
DA:60,19
DA:64,41
DA:65,41
DA:70,2
DA:75,5
DA:76,5
LF:23
LH:23
BRDA:28,0,0,5
BRDA:28,0,1,38
BRDA:28,1,0,43
BRDA:28,1,1,7
BRDA:31,2,0,2
BRDA:31,2,1,36
BRDA:42,3,0,1
BRDA:42,3,1,7
BRF:8
BRH:8
end_of_record
TN:
SF:lib\capturar-errores.js
FN:14,enviar
FN:39,(anonymous_1)
FN:44,reportarErrorDelNavegador
FN:54,instalarCapturaDeErrores
FN:55,alFallar
FN:69,alRechazar
FN:76,(anonymous_6)
FNF:7
FNH:7
FNDA:13,enviar
FNDA:1,(anonymous_1)
FNDA:13,reportarErrorDelNavegador
FNDA:5,instalarCapturaDeErrores
FNDA:3,alFallar
FNDA:1,alRechazar
FNDA:6,(anonymous_6)
DA:12,13
DA:15,13
DA:16,13
DA:17,12
DA:19,12
DA:24,12
DA:25,12
DA:29,13
DA:34,4
DA:45,13
DA:57,3
DA:59,2
DA:70,1
DA:73,5
DA:74,5
DA:76,5
DA:77,6
DA:78,6
LF:18
LH:18
BRDA:16,0,0,1
BRDA:16,0,1,12
BRDA:29,1,0,8
BRDA:29,1,1,5
BRDA:44,2,0,13
BRDA:47,3,0,13
BRDA:47,3,1,1
BRDA:48,4,0,13
BRDA:48,4,1,1
BRDA:48,4,2,0
BRDA:49,5,0,12
BRDA:49,5,1,1
BRDA:57,6,0,1
BRDA:57,6,1,2
BRDA:57,7,0,3
BRDA:57,7,1,2
BRDA:60,8,0,2
BRDA:60,8,1,1
BRF:18
BRH:17
end_of_record
TN:
SF:lib\categorias.js
FN:30,(anonymous_0)
FN:33,(anonymous_1)
FN:36,esCategoriaValida
FN:44,etiquetasDe
FN:45,(anonymous_4)
FNF:5
FNH:5
FNDA:15,(anonymous_0)
FNDA:15,(anonymous_1)
FNDA:41,esCategoriaValida
FNDA:18,etiquetasDe
FNDA:80,(anonymous_4)
DA:22,3
DA:30,15
DA:32,3
DA:33,15
DA:37,41
DA:45,80
LF:6
LH:6
BRF:0
BRH:0
end_of_record
TN:
SF:lib\errores.js
FN:23,normalizarMensaje
FN:47,marcoV8
FN:59,marcoFirefox
FN:76,lugarDelError
FN:102,huellaDelError
FN:107,sinVacios
FN:109,(anonymous_6)
FN:113,conLimiteDeEspera
FN:115,(anonymous_8)
FN:116,(anonymous_9)
FN:121,(anonymous_10)
FN:135,reportarError
FNF:12
FNH:12
FNDA:32,normalizarMensaje
FNDA:41,marcoV8
FNDA:22,marcoFirefox
FNDA:29,lugarDelError
FNDA:22,huellaDelError
FNDA:15,sinVacios
FNDA:50,(anonymous_6)
FNDA:8,conLimiteDeEspera
FNDA:8,(anonymous_8)
FNDA:1,(anonymous_9)
FNDA:8,(anonymous_10)
FNDA:15,reportarError
DA:1,6
DA:20,6
DA:24,32
DA:36,6
DA:48,41
DA:50,19
DA:51,19
DA:53,19
DA:55,9
DA:60,22
DA:63,22
DA:65,1
DA:77,29
DA:78,41
DA:79,41
DA:80,41
DA:82,20
DA:83,20
DA:85,20
DA:92,20
DA:95,9
DA:103,22
DA:104,22
DA:108,15
DA:109,50
DA:115,8
DA:116,8
DA:117,1
DA:121,8
DA:136,15
DA:138,15
DA:141,15
DA:142,15
DA:143,15
DA:144,15
DA:146,15
DA:156,5
DA:157,3
DA:159,12
DA:160,12
LF:40
LH:40
BRDA:24,0,0,32
BRDA:24,0,1,0
BRDA:48,1,0,22
BRDA:48,1,1,19
BRDA:53,2,0,10
BRDA:53,2,1,9
BRDA:53,3,0,19
BRDA:53,3,1,10
BRDA:63,4,0,21
BRDA:63,4,1,1
BRDA:63,5,0,22
BRDA:63,5,1,1
BRDA:77,6,0,29
BRDA:77,6,1,1
BRDA:79,7,0,41
BRDA:79,7,1,22
BRDA:80,8,0,21
BRDA:80,8,1,20
BRDA:83,9,0,0
BRDA:83,9,1,20
BRDA:92,10,0,20
BRDA:92,10,1,9
BRDA:103,11,0,22
BRDA:103,11,1,0
BRDA:109,12,0,50
BRDA:109,12,1,50
BRDA:109,12,2,50
BRDA:135,13,0,15
BRDA:136,14,0,15
BRDA:141,15,0,15
BRDA:141,15,1,7
BRDA:142,16,0,15
BRDA:142,16,1,0
BRDA:143,17,0,8
BRDA:143,17,1,7
BRDA:150,18,0,15
BRDA:150,18,1,7
BRDA:156,19,0,2
BRDA:156,19,1,3
BRDA:159,20,0,12
BRDA:159,20,1,0
BRF:41
BRH:36
end_of_record
TN:
SF:lib\imagen.js
FN:23,(anonymous_0)
FN:23,(anonymous_1)
FN:32,(anonymous_2)
FN:37,(anonymous_3)
FN:43,(anonymous_4)
FN:47,empiezaCon
FN:48,(anonymous_6)
FN:57,tipoDeImagen
FN:61,(anonymous_8)
FN:67,enMegabytes
FNF:10
FNH:10
FNDA:4,(anonymous_0)
FNDA:16,(anonymous_1)
FNDA:19,(anonymous_2)
FNDA:11,(anonymous_3)
FNDA:9,(anonymous_4)
FNDA:42,empiezaCon
FNDA:118,(anonymous_6)
FNDA:23,tipoDeImagen
FNDA:39,(anonymous_8)
FNDA:5,enMegabytes
DA:18,2
DA:21,2
DA:23,16
DA:25,2
DA:26,2
DA:28,2
DA:32,19
DA:37,11
DA:43,9
DA:48,118
DA:59,23
DA:61,39
DA:63,19
DA:68,5
LF:14
LH:14
BRDA:43,0,0,9
BRDA:43,0,1,3
BRDA:47,1,0,42
BRDA:59,2,0,4
BRDA:59,2,1,19
BRDA:59,3,0,23
BRDA:59,3,1,21
BRDA:63,4,0,12
BRDA:63,4,1,7
BRF:9
BRH:9
end_of_record
TN:
SF:lib\limite.js
FN:22,barrerVencidas
FN:29,permitir
FN:50,ipDe
FN:56,reiniciarLimites
FN:61,cantidadDeVentanas
FNF:5
FNH:5
FNDA:1,barrerVencidas
FNDA:1048,permitir
FNDA:37,ipDe
FNDA:31,reiniciarLimites
FNDA:1,cantidadDeVentanas
DA:16,3
DA:20,3
DA:23,1
DA:24,1000
DA:30,1048
DA:31,1048
DA:33,1048
DA:34,1025
DA:35,1025
DA:36,1025
DA:39,23
DA:41,19
DA:42,19
DA:51,37
DA:52,37
DA:57,31
DA:62,1
LF:17
LH:17
BRDA:24,0,0,1000
BRDA:24,0,1,0
BRDA:33,1,0,1025
BRDA:33,1,1,23
BRDA:33,2,0,1048
BRDA:33,2,1,24
BRDA:34,3,0,1
BRDA:34,3,1,1024
BRDA:39,4,0,4
BRDA:39,4,1,19
BRDA:51,5,0,37
BRDA:51,5,1,2
BRDA:52,6,0,37
BRDA:52,6,1,2
BRDA:52,6,2,1
BRF:15
BRH:14
end_of_record
TN:
SF:lib\negocio.js
FN:37,enlaceWhatsApp
FNF:1
FNH:1
FNDA:7,enlaceWhatsApp
DA:13,1
DA:15,1
DA:38,7
DA:39,7
LF:4
LH:4
BRDA:39,0,0,3
BRDA:39,0,1,4
BRF:2
BRH:2
end_of_record
TN:
SF:lib\respuesta-cacheable.js
FN:37,calcularETag
FN:50,coincideETag
FN:53,(anonymous_2)
FN:58,(anonymous_3)
FN:59,(anonymous_4)
FN:66,responderJSON
FNF:6
FNH:6
FNDA:35,calcularETag
FNDA:31,coincideETag
FNDA:11,(anonymous_2)
FNDA:20,(anonymous_3)
FNDA:10,(anonymous_4)
FNDA:24,responderJSON
DA:1,8
DA:38,35
DA:43,35
DA:51,31
DA:53,11
DA:54,10
DA:58,20
DA:59,10
DA:67,24
DA:69,24
DA:70,24
DA:72,24
DA:74,3
DA:75,3
DA:78,21
DA:79,21
DA:90,8
DA:98,8
DA:101,8
LF:19
LH:19
BRDA:51,0,0,21
BRDA:51,0,1,10
BRDA:54,1,0,1
BRDA:54,1,1,9
BRDA:72,2,0,3
BRDA:72,2,1,21
BRF:6
BRH:6
end_of_record
TN:
SF:lib\roles.js
FN:37,puedeEscribir
FN:42,destinoSegunRol
FNF:2
FNH:2
FNDA:85,puedeEscribir
FNDA:16,destinoSegunRol
DA:17,12
DA:19,12
DA:27,12
DA:30,12
DA:38,85
DA:43,16
DA:44,13
DA:45,4
LF:8
LH:8
BRDA:43,0,0,3
BRDA:43,0,1,13
BRDA:44,1,0,9
BRDA:44,1,1,4
BRF:4
BRH:4
end_of_record
TN:
SF:lib\sesion.js
FN:35,configuracionPublica
FN:41,autenticacionConfigurada
FN:56,serializarCookie
FN:75,agregarCookies
FN:87,clienteDeSesion
FN:93,(anonymous_5)
FN:93,(anonymous_6)
FN:98,(anonymous_7)
FN:102,(anonymous_8)
FN:115,rolDeUsuario
FN:138,cuentaDeSesion
FN:152,leerSesion
FN:176,esRutaPropia
FN:188,destinoSeguro
FN:203,conRol
FN:204,rutaProtegida
FN:231,protegerPagina
FN:232,getServerSideProps
FNF:18
FNH:17
FNDA:190,configuracionPublica
FNDA:0,autenticacionConfigurada
FNDA:8,serializarCookie
FNDA:2,agregarCookies
FNDA:190,clienteDeSesion
FNDA:1,(anonymous_5)
FNDA:1,(anonymous_6)
FNDA:2,(anonymous_7)
FNDA:2,(anonymous_8)
FNDA:75,rolDeUsuario
FNDA:178,cuentaDeSesion
FNDA:140,leerSesion
FNDA:13,esRutaPropia
FNDA:13,destinoSeguro
FNDA:19,conRol
FNDA:125,rutaProtegida
FNDA:3,protegerPagina
FNDA:3,getServerSideProps
DA:36,190
DA:37,190
DA:38,190
DA:42,0
DA:57,8
DA:59,8
DA:60,8
DA:61,8
DA:62,8
DA:63,8
DA:64,8
DA:66,8
DA:67,2
DA:68,2
DA:71,8
DA:76,2
DA:77,2
DA:78,2
DA:88,190
DA:89,190
DA:91,100
DA:93,1
DA:99,2
DA:100,2
DA:102,2
DA:104,2
DA:116,75
DA:124,75
DA:128,74
DA:139,178
DA:140,178
DA:142,92
DA:143,90
DA:153,140
DA:155,140
DA:156,71
DA:164,69
DA:165,53
DA:168,16
DA:177,13
DA:189,13
DA:196,12
DA:204,19
DA:205,125
DA:207,125
DA:208,11
DA:211,114
DA:212,7
DA:215,107
DA:216,11
DA:219,96
DA:220,96
DA:232,3
DA:233,3
DA:235,3
DA:236,1
DA:244,2
DA:245,1
DA:248,1
LF:59
LH:58
BRDA:38,0,0,100
BRDA:38,0,1,90
BRDA:38,1,0,190
BRDA:38,1,1,102
BRDA:56,2,0,8
BRDA:59,3,0,2
BRDA:59,3,1,6
BRDA:60,4,0,1
BRDA:60,4,1,7
BRDA:61,5,0,8
BRDA:61,5,1,6
BRDA:62,6,0,1
BRDA:62,6,1,7
BRDA:63,7,0,1
BRDA:63,7,1,7
BRDA:64,8,0,1
BRDA:64,8,1,7
BRDA:66,9,0,2
BRDA:66,9,1,6
BRDA:67,10,0,1
BRDA:67,10,1,1
BRDA:77,11,0,1
BRDA:77,11,1,1
BRDA:89,12,0,90
BRDA:89,12,1,100
BRDA:93,13,0,1
BRDA:93,13,1,0
BRDA:98,14,0,2
BRDA:99,15,0,0
BRDA:99,15,1,2
BRDA:124,16,0,1
BRDA:124,16,1,74
BRDA:128,17,0,72
BRDA:128,17,1,2
BRDA:140,18,0,86
BRDA:140,18,1,92
BRDA:143,19,0,7
BRDA:143,19,1,83
BRDA:143,20,0,83
BRDA:143,20,1,0
BRDA:155,21,0,71
BRDA:155,21,1,69
BRDA:158,22,0,71
BRDA:158,22,1,1
BRDA:164,23,0,53
BRDA:164,23,1,16
BRDA:177,24,0,13
BRDA:177,24,1,8
BRDA:189,25,0,2
BRDA:189,25,1,11
BRDA:207,26,0,11
BRDA:207,26,1,114
BRDA:211,27,0,7
BRDA:211,27,1,107
BRDA:215,28,0,11
BRDA:215,28,1,96
BRDA:215,29,0,107
BRDA:215,29,1,80
BRDA:231,30,0,3
BRDA:231,31,0,3
BRDA:235,32,0,1
BRDA:235,32,1,2
BRDA:244,33,0,1
BRDA:244,33,1,1
BRF:64
BRH:61
end_of_record
TN:
SF:lib\supabase-navegador.js
FN:20,supabaseNavegador
FNF:1
FNH:0
FNDA:0,supabaseNavegador
DA:18,0
DA:23,0
DA:24,0
DA:26,0
DA:28,0
DA:29,0
LF:6
LH:0
BRDA:26,0,0,0
BRDA:26,0,1,0
BRDA:26,1,0,0
BRDA:26,1,1,0
BRF:4
BRH:0
end_of_record
TN:
SF:lib\use-escape.js
FN:17,useCerrarConEscape
FN:18,(anonymous_1)
FN:21,alPresionar
FN:26,(anonymous_3)
FNF:4
FNH:4
FNDA:10,useCerrarConEscape
FNDA:10,(anonymous_1)
FNDA:6,alPresionar
FNDA:8,(anonymous_3)
DA:18,10
DA:19,10
DA:22,6
DA:25,8
DA:26,8
LF:5
LH:5
BRDA:19,0,0,2
BRDA:19,0,1,8
BRDA:22,1,0,1
BRDA:22,1,1,5
BRF:4
BRH:4
end_of_record
TN:
SF:lib\use-revelar.js
FN:18,useRevelar
FN:19,(anonymous_1)
FN:23,(anonymous_2)
FN:39,(anonymous_3)
FN:57,(anonymous_4)
FNF:5
FNH:5
FNDA:12,useRevelar
FNDA:12,(anonymous_1)
FNDA:2,(anonymous_2)
FNDA:3,(anonymous_3)
FNDA:9,(anonymous_4)
DA:19,12
DA:20,12
DA:21,12
DA:23,11
DA:24,6
DA:30,11
DA:31,11
DA:33,12
DA:34,2
DA:35,2
DA:38,9
DA:40,3
DA:41,3
DA:43,2
DA:46,2
DA:55,16
DA:57,9
LF:17
LH:17
BRDA:21,0,0,1
BRDA:21,0,1,11
BRDA:33,1,0,2
BRDA:33,1,1,10
BRDA:33,2,0,12
BRDA:33,2,1,10
BRDA:41,3,0,1
BRDA:41,3,1,2
BRF:8
BRH:8
end_of_record
TN:
SF:lib\use-sesion.js
FN:14,useSesionAbierta
FN:17,(anonymous_1)
FN:22,(anonymous_2)
FN:27,(anonymous_3)
FN:31,(anonymous_4)
FNF:5
FNH:5
FNDA:7,useSesionAbierta
FNDA:5,(anonymous_1)
FNDA:4,(anonymous_2)
FNDA:1,(anonymous_3)
FNDA:4,(anonymous_4)
DA:15,7
DA:17,7
DA:18,5
DA:19,5
DA:21,4
DA:22,4
DA:23,4
DA:27,4
DA:28,1
DA:31,4
DA:32,4
DA:33,4
DA:37,7
LF:13
LH:13
BRDA:19,0,0,1
BRDA:19,0,1,4
BRDA:23,1,0,4
BRDA:23,1,1,0
BRDA:28,2,0,1
BRDA:28,2,1,0
BRF:6
BRH:4
end_of_record
TN:
SF:lib\validar-producto.js
FN:18,validarNombre
FN:29,validarCategoria
FN:37,validarPrecio
FN:49,validarStock
FN:60,validarDescripcion
FN:70,validarImagen
FN:115,validarProducto
FNF:7
FNH:7
FNDA:47,validarNombre
FNDA:41,validarCategoria
FNDA:37,validarPrecio
FNDA:33,validarStock
FNDA:23,validarDescripcion
FNDA:23,validarImagen
FNDA:56,validarProducto
DA:3,2
DA:4,2
DA:5,2
DA:6,2
DA:19,47
DA:21,47
DA:22,41
DA:23,1
DA:26,40
DA:30,41
DA:32,41
DA:34,36
DA:38,37
DA:40,37
DA:41,7
DA:43,30
DA:46,29
DA:50,33
DA:52,33
DA:53,4
DA:55,29
DA:57,28
DA:61,23
DA:63,23
DA:64,0
DA:67,23
DA:71,23
DA:73,23
DA:76,22
DA:77,22
DA:79,1
DA:84,21
DA:85,4
DA:88,17
DA:95,2
DA:116,56
DA:117,56
DA:119,56
DA:120,247
DA:124,247
DA:125,247
DA:127,204
DA:128,204
DA:130,174
DA:133,26
DA:134,2
DA:137,24
LF:47
LH:46
BRDA:19,0,0,47
BRDA:19,0,1,3
BRDA:21,1,0,6
BRDA:21,1,1,41
BRDA:22,2,0,1
BRDA:22,2,1,40
BRDA:30,3,0,41
BRDA:30,3,1,1
BRDA:32,4,0,5
BRDA:32,4,1,36
BRDA:40,5,0,7
BRDA:40,5,1,30
BRDA:40,6,0,37
BRDA:40,6,1,34
BRDA:43,7,0,1
BRDA:43,7,1,29
BRDA:52,8,0,4
BRDA:52,8,1,29
BRDA:52,9,0,33
BRDA:52,9,1,30
BRDA:55,10,0,1
BRDA:55,10,1,28
BRDA:61,11,0,23
BRDA:61,11,1,0
BRDA:63,12,0,0
BRDA:63,12,1,23
BRDA:71,13,0,23
BRDA:71,13,1,0
BRDA:73,14,0,1
BRDA:73,14,1,22
BRDA:84,15,0,4
BRDA:84,15,1,17
BRDA:84,16,0,21
BRDA:84,16,1,5
BRDA:115,17,0,56
BRDA:115,18,0,56
BRDA:116,19,0,56
BRDA:116,19,1,1
BRDA:124,20,0,247
BRDA:124,20,1,46
BRDA:124,20,2,5
BRDA:125,21,0,43
BRDA:125,21,1,204
BRDA:128,22,0,30
BRDA:128,22,1,174
BRDA:133,23,0,2
BRDA:133,23,1,24
BRDA:133,24,0,26
BRDA:133,24,1,7
BRF:49
BRH:46
end_of_record
TN:
SF:pages\api\categories.js
FN:10,handler
FN:17,(anonymous_1)
FNF:2
FNH:2
FNDA:10,handler
FNDA:8,(anonymous_1)
DA:8,1
DA:11,10
DA:12,1
DA:13,1
DA:16,9
DA:17,9
DA:18,8
DA:23,7
DA:24,6
DA:27,7
DA:29,2
DA:30,2
DA:31,2
LF:13
LH:13
BRDA:11,0,0,1
BRDA:11,0,1,9
BRDA:23,1,0,1
BRDA:23,1,1,6
BRF:4
BRH:4
end_of_record
TN:
SF:pages\api\errores.js
FN:30,recortar
FN:34,leerCuerpo
FN:44,validar
FN:62,esRuido
FN:63,(anonymous_4)
FN:66,handler
FNF:6
FNH:6
FNDA:70,recortar
FNDA:21,leerCuerpo
FNDA:21,validar
FNDA:17,esRuido
FNDA:33,(anonymous_4)
FNDA:23,handler
DA:15,1
DA:17,1
DA:26,1
DA:28,1
DA:31,70
DA:36,21
DA:37,2
DA:38,2
DA:40,1
DA:45,21
DA:47,19
DA:48,21
DA:50,17
DA:52,17
DA:63,33
DA:67,23
DA:68,1
DA:69,1
DA:74,22
DA:75,1
DA:78,21
DA:79,21
DA:81,17
DA:82,14
DA:83,14
DA:86,14
DA:88,14
DA:96,17
LF:28
LH:28
BRDA:31,0,0,70
BRDA:31,0,1,0
BRDA:36,1,0,19
BRDA:36,1,1,2
BRDA:45,2,0,2
BRDA:45,2,1,19
BRDA:45,3,0,21
BRDA:45,3,1,19
BRDA:48,4,0,2
BRDA:48,4,1,19
BRDA:48,5,0,21
BRDA:48,5,1,18
BRDA:55,6,0,17
BRDA:55,6,1,0
BRDA:56,7,0,21
BRDA:56,7,1,0
BRDA:58,8,0,17
BRDA:58,8,1,0
BRDA:63,9,0,17
BRDA:63,9,1,15
BRDA:67,10,0,1
BRDA:67,10,1,22
BRDA:74,11,0,1
BRDA:74,11,1,21
BRDA:79,12,0,4
BRDA:79,12,1,17
BRDA:81,13,0,14
BRDA:81,13,1,3
BRDA:92,14,0,14
BRDA:92,14,1,0
BRF:30
BRH:25
end_of_record
TN:
SF:pages\api\feedback.js
FN:27,paginaDeOrigen
FN:34,handler
FN:74,(anonymous_2)
FNF:3
FNH:3
FNDA:11,paginaDeOrigen
FNDA:19,handler
FNDA:1,(anonymous_2)
DA:14,1
DA:19,1
DA:20,1
DA:21,1
DA:25,1
DA:29,11
DA:35,19
DA:36,1
DA:37,1
DA:40,18
DA:45,19
DA:47,17
DA:48,2
DA:51,15
DA:52,19
DA:53,1
DA:55,14
DA:56,1
DA:60,13
DA:61,19
DA:62,1
DA:65,12
DA:66,1
DA:71,11
DA:74,11
DA:76,11
DA:86,11
DA:88,10
DA:90,1
DA:91,1
LF:30
LH:30
BRDA:29,0,0,10
BRDA:29,0,1,1
BRDA:29,1,0,11
BRDA:29,1,1,11
BRDA:35,2,0,1
BRDA:35,2,1,18
BRDA:40,3,0,18
BRDA:40,3,1,1
BRDA:45,4,0,1
BRDA:45,4,1,18
BRDA:47,5,0,2
BRDA:47,5,1,15
BRDA:51,6,0,15
BRDA:51,6,1,0
BRDA:52,7,0,1
BRDA:52,7,1,18
BRDA:55,8,0,1
BRDA:55,8,1,13
BRDA:60,9,0,2
BRDA:60,9,1,11
BRDA:60,10,0,13
BRDA:60,10,1,2
BRDA:61,11,0,1
BRDA:61,11,1,18
BRDA:61,12,0,19
BRDA:61,12,1,2
BRDA:65,13,0,1
BRDA:65,13,1,11
BRDA:79,14,0,11
BRDA:79,14,1,10
BRDA:86,15,0,1
BRDA:86,15,1,10
BRF:32
BRH:31
end_of_record
TN:
SF:pages\api\health.js
FN:13,handler
FNF:1
FNH:1
FNDA:8,handler
DA:14,8
DA:15,1
DA:16,1
DA:19,7
DA:20,7
DA:21,7
DA:23,7
DA:25,7
DA:29,6
DA:31,4
DA:33,3
DA:34,3
DA:35,3
DA:38,7
DA:49,8
DA:50,8
DA:51,8
LF:17
LH:17
BRDA:14,0,0,1
BRDA:14,0,1,7
BRDA:29,1,0,2
BRDA:29,1,1,4
BRDA:40,2,0,4
BRDA:40,2,1,3
BRDA:42,3,0,8
BRDA:42,3,1,0
BRDA:51,4,0,4
BRDA:51,4,1,3
BRF:10
BRH:9
end_of_record
TN:
SF:pages\api\orders.js
FN:25,normalizeItems
FN:45,handler
FN:66,(anonymous_2)
FNF:3
FNH:3
FNDA:26,normalizeItems
FNDA:27,handler
FNDA:1,(anonymous_2)
DA:9,1
DA:11,1
DA:17,1
DA:26,26
DA:27,4
DA:30,22
DA:32,22
DA:33,23
DA:34,23
DA:36,23
DA:37,22
DA:39,19
DA:42,18
DA:46,27
DA:47,1
DA:48,1
DA:51,26
DA:53,27
DA:54,27
DA:55,8
DA:58,18
DA:59,4
DA:66,14
DA:68,14
DA:72,14
DA:82,13
DA:83,2
DA:84,1
DA:86,1
DA:92,11
DA:94,11
DA:96,2
DA:99,2
DA:100,2
LF:34
LH:34
BRDA:26,0,0,4
BRDA:26,0,1,22
BRDA:26,1,0,26
BRDA:26,1,1,24
BRDA:26,1,2,23
BRDA:36,2,0,1
BRDA:36,2,1,22
BRDA:36,3,0,23
BRDA:36,3,1,22
BRDA:37,4,0,3
BRDA:37,4,1,19
BRDA:37,5,0,22
BRDA:37,5,1,21
BRDA:46,6,0,1
BRDA:46,6,1,26
BRDA:51,7,0,26
BRDA:51,7,1,1
BRDA:54,8,0,8
BRDA:54,8,1,19
BRDA:58,9,0,4
BRDA:58,9,1,14
BRDA:73,10,0,14
BRDA:73,10,1,1
BRDA:74,11,0,27
BRDA:74,11,1,1
BRDA:75,12,0,27
BRDA:75,12,1,1
BRDA:76,13,0,27
BRDA:76,13,1,1
BRDA:77,14,0,27
BRDA:77,14,1,0
BRDA:79,15,0,27
BRDA:79,15,1,13
BRDA:82,16,0,2
BRDA:82,16,1,11
BRDA:83,17,0,1
BRDA:83,17,1,1
BRF:37
BRH:36
end_of_record
TN:
SF:pages\api\products.js
FN:12,handler
FN:19,(anonymous_1)
FNF:2
FNH:2
FNDA:15,handler
FNDA:13,(anonymous_1)
DA:10,1
DA:13,15
DA:14,1
DA:15,1
DA:18,14
DA:19,14
DA:20,13
DA:25,12
DA:26,10
DA:29,11
DA:31,3
DA:32,3
DA:33,3
LF:13
LH:13
BRDA:13,0,0,1
BRDA:13,0,1,14
BRDA:25,1,0,2
BRDA:25,1,1,10
BRF:4
BRH:4
end_of_record
TN:
SF:pages\api\admin\login.js
FN:13,handler
FN:27,(anonymous_1)
FNF:2
FNH:2
FNDA:9,handler
FNDA:5,(anonymous_1)
DA:11,1
DA:14,9
DA:15,1
DA:16,1
DA:19,8
DA:20,1
DA:21,1
DA:24,7
DA:26,9
DA:27,5
DA:28,5
DA:31,2
DA:32,2
LF:13
LH:13
BRDA:14,0,0,1
BRDA:14,0,1,8
BRDA:19,1,0,1
BRDA:19,1,1,7
BRDA:24,2,0,7
BRDA:24,2,1,1
BRDA:26,3,0,5
BRDA:26,3,1,4
BRF:8
BRH:8
end_of_record
TN:
SF:pages\api\admin\logout.js
FN:14,handler
FNF:1
FNH:1
FNDA:7,handler
DA:15,7
DA:16,1
DA:17,1
DA:20,6
DA:22,6
DA:23,3
DA:27,3
DA:34,6
DA:35,7
DA:40,7
LF:10
LH:10
BRDA:15,0,0,1
BRDA:15,0,1,6
BRDA:22,1,0,3
BRDA:22,1,1,3
BRDA:37,2,0,5
BRDA:37,2,1,1
BRF:6
BRH:6
end_of_record
TN:
SF:pages\api\admin\feedback\[id].js
FN:15,handler
FNF:1
FNH:1
FNDA:4,handler
DA:12,1
DA:13,1
DA:16,4
DA:17,0
DA:18,0
DA:21,4
DA:22,4
DA:23,0
DA:26,4
DA:27,4
DA:28,2
DA:31,2
DA:32,2
DA:39,2
DA:40,2
DA:42,1
DA:44,0
DA:45,0
DA:46,0
LF:19
LH:13
BRDA:16,0,0,0
BRDA:16,0,1,4
BRDA:22,1,0,0
BRDA:22,1,1,4
BRDA:22,2,0,4
BRDA:22,2,1,4
BRDA:26,3,0,4
BRDA:26,3,1,0
BRDA:27,4,0,2
BRDA:27,4,1,2
BRDA:39,5,0,0
BRDA:39,5,1,2
BRDA:40,6,0,1
BRDA:40,6,1,1
BRF:14
BRH:10
end_of_record
TN:
SF:pages\api\admin\feedback\index.js
FN:17,handler
FNF:1
FNH:1
FNDA:7,handler
DA:13,1
DA:14,1
DA:15,1
DA:18,7
DA:19,0
DA:20,0
DA:23,7
DA:25,7
DA:26,1
DA:29,6
DA:30,6
DA:36,6
DA:38,6
DA:39,6
DA:41,5
DA:42,5
DA:44,1
DA:45,1
DA:46,1
LF:19
LH:17
BRDA:18,0,0,0
BRDA:18,0,1,7
BRDA:23,1,0,2
BRDA:23,1,1,5
BRDA:25,2,0,1
BRDA:25,2,1,6
BRDA:25,3,0,7
BRDA:25,3,1,2
BRDA:36,4,0,1
BRDA:36,4,1,5
BRDA:39,5,0,1
BRDA:39,5,1,5
BRF:12
BRH:11
end_of_record
TN:
SF:pages\api\admin\orders\[id].js
FN:9,handler
FNF:1
FNH:1
FNDA:15,handler
DA:7,1
DA:10,15
DA:11,1
DA:12,1
DA:15,14
DA:16,14
DA:17,3
DA:20,11
DA:21,15
DA:22,3
DA:25,8
DA:26,8
DA:33,8
DA:34,8
DA:36,7
DA:38,0
DA:39,0
DA:40,0
LF:18
LH:15
BRDA:10,0,0,1
BRDA:10,0,1,14
BRDA:16,1,0,3
BRDA:16,1,1,11
BRDA:16,2,0,14
BRDA:16,2,1,13
BRDA:20,3,0,11
BRDA:20,3,1,0
BRDA:21,4,0,3
BRDA:21,4,1,12
BRDA:33,5,0,0
BRDA:33,5,1,8
BRDA:34,6,0,1
BRDA:34,6,1,7
BRF:14
BRH:12
end_of_record
TN:
SF:pages\api\admin\orders\index.js
FN:5,handler
FNF:1
FNH:1
FNDA:7,handler
DA:6,7
DA:7,1
DA:8,1
DA:11,6
DA:15,6
DA:26,6
DA:28,5
DA:29,5
DA:31,1
DA:32,1
DA:33,1
LF:11
LH:11
BRDA:6,0,0,1
BRDA:6,0,1,6
BRDA:26,1,0,1
BRDA:26,1,1,5
BRF:4
BRH:4
end_of_record
TN:
SF:pages\api\admin\products\[id].js
FN:9,handler
FN:22,editar
FN:53,eliminar
FNF:3
FNH:3
FNDA:13,handler
FNDA:6,editar
FNDA:3,eliminar
DA:7,1
DA:10,13
DA:11,13
DA:12,3
DA:15,10
DA:16,4
DA:18,1
DA:19,1
DA:23,6
DA:24,6
DA:26,4
DA:27,4
DA:34,4
DA:35,3
DA:37,2
DA:39,2
DA:43,1
DA:44,1
DA:47,0
DA:48,0
DA:49,0
DA:54,3
DA:57,3
DA:64,3
DA:65,3
DA:67,2
DA:69,2
DA:71,0
DA:72,0
DA:73,0
LF:30
LH:24
BRDA:11,0,0,3
BRDA:11,0,1,10
BRDA:11,1,0,13
BRDA:11,1,1,12
BRDA:15,2,0,6
BRDA:15,2,1,4
BRDA:16,3,0,3
BRDA:16,3,1,1
BRDA:24,4,0,2
BRDA:24,4,1,4
BRDA:34,5,0,1
BRDA:34,5,1,3
BRDA:35,6,0,1
BRDA:35,6,1,2
BRDA:43,7,0,1
BRDA:43,7,1,0
BRDA:64,8,0,0
BRDA:64,8,1,3
BRDA:65,9,0,1
BRDA:65,9,1,2
BRF:20
BRH:18
end_of_record
TN:
SF:pages\api\admin\products\imagen.js
FN:33,leerCuerpo
FN:51,subir
FN:99,handler
FNF:3
FNH:3
FNDA:8,leerCuerpo
FNDA:9,subir
FNDA:10,handler
DA:1,1
DA:22,1
DA:24,1
DA:25,1
DA:34,8
DA:35,8
DA:37,8
DA:38,12
DA:40,12
DA:41,1
DA:42,1
DA:45,11
DA:48,7
DA:52,9
DA:56,9
DA:57,1
DA:60,8
DA:62,8
DA:63,1
DA:66,7
DA:68,7
DA:69,1
DA:74,6
DA:76,6
DA:77,6
DA:79,6
DA:86,6
DA:88,5
DA:90,5
DA:92,1
DA:93,1
DA:95,1
DA:100,10
DA:102,1
DA:103,1
LF:35
LH:35
BRDA:40,0,0,1
BRDA:40,0,1,11
BRDA:56,1,0,1
BRDA:56,1,1,8
BRDA:56,2,0,9
BRDA:56,2,1,2
BRDA:62,3,0,1
BRDA:62,3,1,7
BRDA:68,4,0,1
BRDA:68,4,1,6
BRDA:86,5,0,1
BRDA:86,5,1,5
BRDA:100,6,0,9
BRDA:100,6,1,1
BRF:14
BRH:14
end_of_record
TN:
SF:pages\api\admin\products\index.js
FN:10,handler
FN:18,listar
FN:38,crear
FNF:3
FNH:3
FNDA:13,handler
FNDA:2,listar
FNDA:10,crear
DA:8,1
DA:11,13
DA:12,11
DA:14,1
DA:15,1
DA:19,2
DA:20,2
DA:25,2
DA:29,2
DA:30,2
DA:32,0
DA:33,0
DA:34,0
DA:39,10
DA:40,10
DA:42,5
DA:43,5
DA:49,5
DA:51,2
DA:53,2
DA:59,3
DA:60,2
DA:63,1
DA:64,1
DA:65,1
LF:25
LH:22
BRDA:11,0,0,2
BRDA:11,0,1,11
BRDA:12,1,0,10
BRDA:12,1,1,1
BRDA:25,2,0,0
BRDA:25,2,1,2
BRDA:40,3,0,5
BRDA:40,3,1,5
BRDA:49,4,0,3
BRDA:49,4,1,2
BRDA:59,5,0,2
BRDA:59,5,1,1
BRF:12
BRH:11
end_of_record
TN:
SF:pages\api\auth\continuar.js
FN:22,redirigir
FN:27,ingresoConError
FN:33,handler
FNF:3
FNH:3
FNDA:8,redirigir
FNDA:3,ingresoConError
FNDA:9,handler
DA:20,1
DA:23,8
DA:24,8
DA:28,3
DA:29,3
DA:30,3
DA:34,9
DA:35,1
DA:36,1
DA:39,8
DA:40,9
DA:43,9
DA:45,9
DA:46,6
DA:47,6
DA:49,5
DA:50,5
DA:54,4
DA:57,2
DA:58,2
DA:60,1
LF:21
LH:21
BRDA:29,0,0,1
BRDA:29,0,1,2
BRDA:34,1,0,1
BRDA:34,1,1,8
BRDA:39,2,0,3
BRDA:39,2,1,5
BRDA:40,3,0,6
BRDA:40,3,1,2
BRDA:45,4,0,6
BRDA:45,4,1,3
BRDA:47,5,0,1
BRDA:47,5,1,5
BRDA:50,6,0,1
BRDA:50,6,1,4
BRDA:50,7,0,5
BRDA:50,7,1,4
BRDA:58,8,0,1
BRDA:58,8,1,1
BRF:18
BRH:18
end_of_record
TN:
SF:pages\api\cuenta\pedidos.js
FN:22,handler
FN:28,(anonymous_1)
FNF:2
FNH:1
FNDA:7,handler
FNDA:0,(anonymous_1)
DA:16,1
DA:20,1
DA:23,7
DA:24,1
DA:25,1
DA:28,6
DA:29,6
DA:30,2
DA:33,4
DA:34,4
DA:41,4
DA:43,3
DA:44,3
DA:46,1
DA:47,1
DA:48,1
LF:16
LH:16
BRDA:23,0,0,1
BRDA:23,0,1,6
BRDA:29,1,0,2
BRDA:29,1,1,4
BRDA:41,2,0,1
BRDA:41,2,1,3
BRF:6
BRH:6
end_of_record
TN:
SF:pages\api\cuenta\perfil.js
FN:16,handler
FN:22,(anonymous_1)
FNF:2
FNH:1
FNDA:7,handler
FNDA:0,(anonymous_1)
DA:13,1
DA:14,1
DA:17,7
DA:18,0
DA:19,0
DA:22,7
DA:23,7
DA:24,1
DA:27,6
DA:28,7
DA:29,4
DA:34,2
DA:35,2
DA:42,2
DA:43,2
DA:45,2
DA:47,0
DA:48,0
DA:49,0
LF:19
LH:14
BRDA:17,0,0,0
BRDA:17,0,1,7
BRDA:23,1,0,1
BRDA:23,1,1,6
BRDA:27,2,0,5
BRDA:27,2,1,1
BRDA:28,3,0,4
BRDA:28,3,1,3
BRDA:28,4,0,7
BRDA:28,4,1,3
BRDA:42,5,0,0
BRDA:42,5,1,2
BRDA:43,6,0,0
BRDA:43,6,1,2
BRF:14
BRH:11
end_of_record
TN:
SF:pages\api\sistema\cuentas\[id].js
FN:16,handler
FNF:1
FNH:1
FNDA:6,handler
DA:14,1
DA:17,6
DA:18,0
DA:19,0
DA:22,6
DA:23,6
DA:24,1
DA:27,5
DA:28,6
DA:29,2
DA:35,3
DA:36,1
DA:41,2
DA:42,2
DA:49,2
DA:50,2
DA:52,1
DA:54,0
DA:55,0
DA:56,0
LF:20
LH:15
BRDA:17,0,0,0
BRDA:17,0,1,6
BRDA:22,1,0,6
BRDA:22,1,1,0
BRDA:23,2,0,1
BRDA:23,2,1,5
BRDA:27,3,0,5
BRDA:27,3,1,0
BRDA:28,4,0,2
BRDA:28,4,1,4
BRDA:35,5,0,1
BRDA:35,5,1,2
BRDA:49,6,0,0
BRDA:49,6,1,2
BRDA:50,7,0,1
BRDA:50,7,1,1
BRF:16
BRH:12
end_of_record
TN:
SF:pages\api\sistema\cuentas\index.js
FN:20,handler
FN:44,(anonymous_1)
FN:48,(anonymous_2)
FNF:3
FNH:3
FNDA:3,handler
FNDA:1,(anonymous_1)
FNDA:2,(anonymous_2)
DA:18,1
DA:21,3
DA:22,0
DA:23,0
DA:26,3
DA:27,3
DA:29,3
DA:35,3
DA:37,3
DA:42,3
DA:44,2
DA:46,3
DA:47,3
DA:49,2
DA:50,2
DA:59,1
DA:60,1
DA:61,1
LF:18
LH:16
BRDA:21,0,0,0
BRDA:21,0,1,3
BRDA:35,1,0,0
BRDA:35,1,1,3
BRDA:42,2,0,1
BRDA:42,2,1,2
BRDA:44,3,0,2
BRDA:44,3,1,0
BRDA:52,4,0,2
BRDA:52,4,1,1
BRDA:53,5,0,2
BRDA:53,5,1,1
BRDA:54,6,0,2
BRDA:54,6,1,1
BRF:14
BRH:11
end_of_record
TN:
SF:pages\api\sistema\tickets\[id].js
FN:20,leerCambios
FN:47,handler
FNF:2
FNH:2
FNDA:8,leerCambios
FNDA:9,handler
DA:14,1
DA:16,1
DA:17,1
DA:18,1
DA:21,8
DA:23,8
DA:24,4
DA:25,3
DA:28,7
DA:29,1
DA:30,0
DA:33,6
DA:34,3
DA:35,3
DA:36,1
DA:39,2
DA:42,5
DA:44,4
DA:48,9
DA:49,0
DA:50,0
DA:53,9
DA:54,9
DA:55,1
DA:58,8
DA:59,9
DA:61,4
DA:62,4
DA:69,4
DA:70,3
DA:72,2
DA:76,1
DA:77,1
DA:82,0
DA:83,0
DA:84,0
LF:36
LH:30
BRDA:20,0,0,8
BRDA:23,1,0,4
BRDA:23,1,1,4
BRDA:24,2,0,1
BRDA:24,2,1,3
BRDA:28,3,0,1
BRDA:28,3,1,6
BRDA:29,4,0,1
BRDA:29,4,1,0
BRDA:33,5,0,3
BRDA:33,5,1,3
BRDA:34,6,0,3
BRDA:34,6,1,0
BRDA:35,7,0,1
BRDA:35,7,1,2
BRDA:39,8,0,2
BRDA:39,8,1,1
BRDA:42,9,0,1
BRDA:42,9,1,4
BRDA:48,10,0,0
BRDA:48,10,1,9
BRDA:54,11,0,1
BRDA:54,11,1,8
BRDA:54,12,0,9
BRDA:54,12,1,8
BRDA:58,13,0,8
BRDA:58,13,1,0
BRDA:59,14,0,4
BRDA:59,14,1,5
BRDA:69,15,0,1
BRDA:69,15,1,3
BRDA:70,16,0,1
BRDA:70,16,1,2
BRDA:76,17,0,1
BRDA:76,17,1,0
BRF:35
BRH:30
end_of_record
TN:
SF:pages\api\sistema\tickets\index.js
FN:24,handler
FNF:1
FNH:1
FNDA:7,handler
DA:14,1
DA:19,1
DA:21,1
DA:22,1
DA:25,7
DA:26,0
DA:27,0
DA:31,7
DA:33,7
DA:34,1
DA:37,6
DA:38,6
DA:46,6
DA:47,2
DA:49,6
DA:50,6
DA:52,5
DA:53,5
DA:55,1
DA:56,1
DA:57,1
LF:21
LH:19
BRDA:25,0,0,0
BRDA:25,0,1,7
BRDA:31,1,0,3
BRDA:31,1,1,4
BRDA:33,2,0,1
BRDA:33,2,1,6
BRDA:33,3,0,7
BRDA:33,3,1,3
BRDA:33,3,2,2
BRDA:46,4,0,4
BRDA:46,4,1,2
BRDA:47,5,0,1
BRDA:47,5,1,1
BRDA:50,6,0,1
BRDA:50,6,1,5
BRF:15
BRH:14
end_of_record
